   0  $accept : Program $end

   1  Program : ClassList

   2  ClassList : ClassList ClassDef
   3            | ClassDef

   4  VariableDef : Variable ';'

   5  Variable : Type IDENTIFIER

   6  Type : INT
   7       | VOID
   8       | BOOL
   9       | STRING
  10       | CLASS IDENTIFIER
  11       | Type '[' ']'

  12  ClassDef : CLASS IDENTIFIER ExtendsClause '{' FieldList '}'
  13           | SEALED CLASS IDENTIFIER ExtendsClause '{' FieldList '}'

  14  ExtendsClause : EXTENDS IDENTIFIER
  15                |

  16  FieldList : FieldList VariableDef
  17            | FieldList FunctionDef
  18            |

  19  Formals : VariableList
  20          |

  21  VariableList : VariableList ',' Variable
  22               | Variable

  23  FunctionDef : STATIC Type IDENTIFIER '(' Formals ')' StmtBlock
  24              | Type IDENTIFIER '(' Formals ')' StmtBlock

  25  StmtBlock : '{' StmtList '}'

  26  StmtList : StmtList Stmt
  27           |

  28  Stmt : VariableDef
  29       | SimpleStmt ';'
  30       | IfStmt
  31       | WhileStmt
  32       | ForStmt
  33       | ReturnStmt ';'
  34       | PrintStmt ';'
  35       | BreakStmt ';'
  36       | StmtBlock
  37       | OCStmt ';'
  38       | GuardedStmt
  39       | ForeachStmt

  40  SimpleStmt : LValue '=' Expr
  41             | Call
  42             |

  43  Receiver : Expr '.'
  44           |

  45  LValue : Receiver IDENTIFIER
  46         | Expr '[' Expr ']'
  47         | VAR IDENTIFIER

  48  Call : Receiver IDENTIFIER '(' Actuals ')'

  49  Expr : LValue
  50       | Call
  51       | Constant
  52       | Expr '+' Expr
  53       | Expr '-' Expr
  54       | Expr '*' Expr
  55       | Expr '/' Expr
  56       | Expr '%' Expr
  57       | Expr EQUAL Expr
  58       | Expr NOT_EQUAL Expr
  59       | Expr '<' Expr
  60       | Expr '>' Expr
  61       | Expr LESS_EQUAL Expr
  62       | Expr GREATER_EQUAL Expr
  63       | Expr AND Expr
  64       | Expr OR Expr
  65       | '(' Expr ')'
  66       | '-' Expr
  67       | '!' Expr
  68       | READ_INTEGER '(' ')'
  69       | READ_LINE '(' ')'
  70       | THIS
  71       | NEW IDENTIFIER '(' ')'
  72       | NEW Type '[' Expr ']'
  73       | INSTANCEOF '(' Expr ',' IDENTIFIER ')'
  74       | '(' CLASS IDENTIFIER ')' Expr
  75       | Expr INITARRAY Expr
  76       | Expr CONCATARRAY Expr
  77       | Expr '[' Expr COLON Expr ']'
  78       | Expr '[' Expr ']' DEFAULT Expr
  79       | '[' Expr FOR IDENTIFIER IN Expr ']'
  80       | '[' Expr FOR IDENTIFIER IN Expr IF Expr ']'

  81  Constant : LITERAL
  82           | NULL
  83           | ArrayConstant

  84  Actuals : ExprList
  85          |

  86  ExprList : ExprList ',' Expr
  87           | Expr

  88  WhileStmt : WHILE '(' Expr ')' Stmt

  89  ForStmt : FOR '(' SimpleStmt ';' Expr ';' SimpleStmt ')' Stmt

  90  BreakStmt : BREAK

  91  IfStmt : IF '(' Expr ')' Stmt ElseClause

  92  ElseClause : ELSE Stmt
  93             |

  94  ReturnStmt : RETURN Expr
  95             | RETURN

  96  PrintStmt : PRINT '(' ExprList ')'

  97  OCStmt : SCOPY '(' IDENTIFIER ',' Expr ')'

  98  GuardedStmt : IF '{' '}'
  99              | IF '{' IfBranchList IfSubStmt '}'

 100  IfBranchList : IfBranchList IfBranch
 101               |

 102  IfBranch : IfSubStmt GUARD

 103  IfSubStmt : Expr COLON Stmt

 104  ArrayConstant : '[' ']'
 105                | '[' ConstantList ']'

 106  ConstantList : ConstantList ',' Constant
 107               | Constant

 108  ForeachStmt : FOREACH '(' BoundVariable IN Expr ')' Stmt
 109              | FOREACH '(' BoundVariable IN Expr WHILE Expr ')' Stmt

 110  BoundVariable : VAR IDENTIFIER
 111                | Type IDENTIFIER

state 0
	$accept : . Program $end  (0)

	CLASS  shift 1
	SEALED  shift 2
	.  error

	Program  goto 3
	ClassList  goto 4
	ClassDef  goto 5


state 1
	ClassDef : CLASS . IDENTIFIER ExtendsClause '{' FieldList '}'  (12)

	IDENTIFIER  shift 6
	.  error


state 2
	ClassDef : SEALED . CLASS IDENTIFIER ExtendsClause '{' FieldList '}'  (13)

	CLASS  shift 7
	.  error


state 3
	$accept : Program . $end  (0)

	$end  accept


state 4
	Program : ClassList .  (1)
	ClassList : ClassList . ClassDef  (2)

	CLASS  shift 1
	SEALED  shift 2
	$end  reduce 1

	ClassDef  goto 8


state 5
	ClassList : ClassDef .  (3)

	.  reduce 3


state 6
	ClassDef : CLASS IDENTIFIER . ExtendsClause '{' FieldList '}'  (12)
	ExtendsClause : .  (15)

	EXTENDS  shift 9
	'{'  reduce 15

	ExtendsClause  goto 10


state 7
	ClassDef : SEALED CLASS . IDENTIFIER ExtendsClause '{' FieldList '}'  (13)

	IDENTIFIER  shift 11
	.  error


state 8
	ClassList : ClassList ClassDef .  (2)

	.  reduce 2


state 9
	ExtendsClause : EXTENDS . IDENTIFIER  (14)

	IDENTIFIER  shift 12
	.  error


state 10
	ClassDef : CLASS IDENTIFIER ExtendsClause . '{' FieldList '}'  (12)

	'{'  shift 13
	.  error


state 11
	ClassDef : SEALED CLASS IDENTIFIER . ExtendsClause '{' FieldList '}'  (13)
	ExtendsClause : .  (15)

	EXTENDS  shift 9
	'{'  reduce 15

	ExtendsClause  goto 14


state 12
	ExtendsClause : EXTENDS IDENTIFIER .  (14)

	.  reduce 14


state 13
	ClassDef : CLASS IDENTIFIER ExtendsClause '{' . FieldList '}'  (12)
	FieldList : .  (18)

	.  reduce 18

	FieldList  goto 15


state 14
	ClassDef : SEALED CLASS IDENTIFIER ExtendsClause . '{' FieldList '}'  (13)

	'{'  shift 16
	.  error


state 15
	ClassDef : CLASS IDENTIFIER ExtendsClause '{' FieldList . '}'  (12)
	FieldList : FieldList . VariableDef  (16)
	FieldList : FieldList . FunctionDef  (17)

	VOID  shift 17
	BOOL  shift 18
	INT  shift 19
	STRING  shift 20
	CLASS  shift 21
	STATIC  shift 22
	'}'  shift 23
	.  error

	VariableDef  goto 24
	Variable  goto 25
	Type  goto 26
	FunctionDef  goto 27


state 16
	ClassDef : SEALED CLASS IDENTIFIER ExtendsClause '{' . FieldList '}'  (13)
	FieldList : .  (18)

	.  reduce 18

	FieldList  goto 28


state 17
	Type : VOID .  (7)

	.  reduce 7


state 18
	Type : BOOL .  (8)

	.  reduce 8


state 19
	Type : INT .  (6)

	.  reduce 6


state 20
	Type : STRING .  (9)

	.  reduce 9


state 21
	Type : CLASS . IDENTIFIER  (10)

	IDENTIFIER  shift 29
	.  error


state 22
	FunctionDef : STATIC . Type IDENTIFIER '(' Formals ')' StmtBlock  (23)

	VOID  shift 17
	BOOL  shift 18
	INT  shift 19
	STRING  shift 20
	CLASS  shift 21
	.  error

	Type  goto 30


state 23
	ClassDef : CLASS IDENTIFIER ExtendsClause '{' FieldList '}' .  (12)

	.  reduce 12


state 24
	FieldList : FieldList VariableDef .  (16)

	.  reduce 16


state 25
	VariableDef : Variable . ';'  (4)

	';'  shift 31
	.  error


state 26
	Variable : Type . IDENTIFIER  (5)
	Type : Type . '[' ']'  (11)
	FunctionDef : Type . IDENTIFIER '(' Formals ')' StmtBlock  (24)

	IDENTIFIER  shift 32
	'['  shift 33
	.  error


state 27
	FieldList : FieldList FunctionDef .  (17)

	.  reduce 17


state 28
	ClassDef : SEALED CLASS IDENTIFIER ExtendsClause '{' FieldList . '}'  (13)
	FieldList : FieldList . VariableDef  (16)
	FieldList : FieldList . FunctionDef  (17)

	VOID  shift 17
	BOOL  shift 18
	INT  shift 19
	STRING  shift 20
	CLASS  shift 21
	STATIC  shift 22
	'}'  shift 34
	.  error

	VariableDef  goto 24
	Variable  goto 25
	Type  goto 26
	FunctionDef  goto 27


state 29
	Type : CLASS IDENTIFIER .  (10)

	.  reduce 10


state 30
	Type : Type . '[' ']'  (11)
	FunctionDef : STATIC Type . IDENTIFIER '(' Formals ')' StmtBlock  (23)

	IDENTIFIER  shift 35
	'['  shift 33
	.  error


state 31
	VariableDef : Variable ';' .  (4)

	.  reduce 4


state 32
	Variable : Type IDENTIFIER .  (5)
	FunctionDef : Type IDENTIFIER . '(' Formals ')' StmtBlock  (24)

	'('  shift 36
	';'  reduce 5


state 33
	Type : Type '[' . ']'  (11)

	']'  shift 37
	.  error


state 34
	ClassDef : SEALED CLASS IDENTIFIER ExtendsClause '{' FieldList '}' .  (13)

	.  reduce 13


state 35
	FunctionDef : STATIC Type IDENTIFIER . '(' Formals ')' StmtBlock  (23)

	'('  shift 38
	.  error


state 36
	FunctionDef : Type IDENTIFIER '(' . Formals ')' StmtBlock  (24)
	Formals : .  (20)

	VOID  shift 17
	BOOL  shift 18
	INT  shift 19
	STRING  shift 20
	CLASS  shift 21
	')'  reduce 20

	Variable  goto 39
	Type  goto 40
	Formals  goto 41
	VariableList  goto 42


state 37
	Type : Type '[' ']' .  (11)

	.  reduce 11


state 38
	FunctionDef : STATIC Type IDENTIFIER '(' . Formals ')' StmtBlock  (23)
	Formals : .  (20)

	VOID  shift 17
	BOOL  shift 18
	INT  shift 19
	STRING  shift 20
	CLASS  shift 21
	')'  reduce 20

	Variable  goto 39
	Type  goto 40
	Formals  goto 43
	VariableList  goto 42


state 39
	VariableList : Variable .  (22)

	.  reduce 22


state 40
	Variable : Type . IDENTIFIER  (5)
	Type : Type . '[' ']'  (11)

	IDENTIFIER  shift 44
	'['  shift 33
	.  error


state 41
	FunctionDef : Type IDENTIFIER '(' Formals . ')' StmtBlock  (24)

	')'  shift 45
	.  error


state 42
	Formals : VariableList .  (19)
	VariableList : VariableList . ',' Variable  (21)

	','  shift 46
	')'  reduce 19


state 43
	FunctionDef : STATIC Type IDENTIFIER '(' Formals . ')' StmtBlock  (23)

	')'  shift 47
	.  error


state 44
	Variable : Type IDENTIFIER .  (5)

	.  reduce 5


state 45
	FunctionDef : Type IDENTIFIER '(' Formals ')' . StmtBlock  (24)

	'{'  shift 48
	.  error

	StmtBlock  goto 49


state 46
	VariableList : VariableList ',' . Variable  (21)

	VOID  shift 17
	BOOL  shift 18
	INT  shift 19
	STRING  shift 20
	CLASS  shift 21
	.  error

	Variable  goto 50
	Type  goto 40


state 47
	FunctionDef : STATIC Type IDENTIFIER '(' Formals ')' . StmtBlock  (23)

	'{'  shift 48
	.  error

	StmtBlock  goto 51


state 48
	StmtBlock : '{' . StmtList '}'  (25)
	StmtList : .  (27)

	.  reduce 27

	StmtList  goto 52


state 49
	FunctionDef : Type IDENTIFIER '(' Formals ')' StmtBlock .  (24)

	.  reduce 24


state 50
	VariableList : VariableList ',' Variable .  (21)

	.  reduce 21


state 51
	FunctionDef : STATIC Type IDENTIFIER '(' Formals ')' StmtBlock .  (23)

	.  reduce 23


state 52
	StmtBlock : '{' StmtList . '}'  (25)
	StmtList : StmtList . Stmt  (26)
	SimpleStmt : .  (42)
	Receiver : .  (44)

	VOID  shift 17
	BOOL  shift 18
	INT  shift 19
	STRING  shift 20
	CLASS  shift 21
	NULL  shift 53
	THIS  shift 54
	WHILE  shift 55
	FOR  shift 56
	IF  shift 57
	RETURN  shift 58
	BREAK  shift 59
	NEW  shift 60
	PRINT  shift 61
	READ_INTEGER  shift 62
	READ_LINE  shift 63
	LITERAL  shift 64
	INSTANCEOF  shift 65
	'-'  shift 66
	'!'  shift 67
	'('  shift 68
	'['  shift 69
	'{'  shift 48
	'}'  shift 70
	SCOPY  shift 71
	VAR  shift 72
	FOREACH  shift 73
	IDENTIFIER  reduce 44
	';'  reduce 42

	VariableDef  goto 74
	Variable  goto 25
	Type  goto 40
	StmtBlock  goto 75
	Stmt  goto 76
	SimpleStmt  goto 77
	IfStmt  goto 78
	WhileStmt  goto 79
	ForStmt  goto 80
	ReturnStmt  goto 81
	PrintStmt  goto 82
	BreakStmt  goto 83
	OCStmt  goto 84
	GuardedStmt  goto 85
	ForeachStmt  goto 86
	LValue  goto 87
	Expr  goto 88
	Call  goto 89
	Receiver  goto 90
	Constant  goto 91
	ArrayConstant  goto 92


state 53
	Constant : NULL .  (82)

	.  reduce 82


state 54
	Expr : THIS .  (70)

	.  reduce 70


state 55
	WhileStmt : WHILE . '(' Expr ')' Stmt  (88)

	'('  shift 93
	.  error


state 56
	ForStmt : FOR . '(' SimpleStmt ';' Expr ';' SimpleStmt ')' Stmt  (89)

	'('  shift 94
	.  error


state 57
	IfStmt : IF . '(' Expr ')' Stmt ElseClause  (91)
	GuardedStmt : IF . '{' '}'  (98)
	GuardedStmt : IF . '{' IfBranchList IfSubStmt '}'  (99)

	'('  shift 95
	'{'  shift 96
	.  error


state 58
	ReturnStmt : RETURN . Expr  (94)
	ReturnStmt : RETURN .  (95)
	Receiver : .  (44)

	NULL  shift 53
	THIS  shift 54
	NEW  shift 60
	READ_INTEGER  shift 62
	READ_LINE  shift 63
	LITERAL  shift 64
	INSTANCEOF  shift 65
	'-'  shift 66
	'!'  shift 67
	'('  shift 68
	'['  shift 69
	VAR  shift 72
	IDENTIFIER  reduce 44
	';'  reduce 95

	LValue  goto 97
	Expr  goto 98
	Call  goto 99
	Receiver  goto 90
	Constant  goto 91
	ArrayConstant  goto 92


state 59
	BreakStmt : BREAK .  (90)

	.  reduce 90


state 60
	Expr : NEW . IDENTIFIER '(' ')'  (71)
	Expr : NEW . Type '[' Expr ']'  (72)

	VOID  shift 17
	BOOL  shift 18
	INT  shift 19
	STRING  shift 20
	CLASS  shift 21
	IDENTIFIER  shift 100
	.  error

	Type  goto 101


state 61
	PrintStmt : PRINT . '(' ExprList ')'  (96)

	'('  shift 102
	.  error


state 62
	Expr : READ_INTEGER . '(' ')'  (68)

	'('  shift 103
	.  error


state 63
	Expr : READ_LINE . '(' ')'  (69)

	'('  shift 104
	.  error


state 64
	Constant : LITERAL .  (81)

	.  reduce 81


state 65
	Expr : INSTANCEOF . '(' Expr ',' IDENTIFIER ')'  (73)

	'('  shift 105
	.  error


state 66
	Expr : '-' . Expr  (66)
	Receiver : .  (44)

	NULL  shift 53
	THIS  shift 54
	NEW  shift 60
	READ_INTEGER  shift 62
	READ_LINE  shift 63
	LITERAL  shift 64
	INSTANCEOF  shift 65
	'-'  shift 66
	'!'  shift 67
	'('  shift 68
	'['  shift 69
	VAR  shift 72
	IDENTIFIER  reduce 44

	LValue  goto 97
	Expr  goto 106
	Call  goto 99
	Receiver  goto 90
	Constant  goto 91
	ArrayConstant  goto 92


state 67
	Expr : '!' . Expr  (67)
	Receiver : .  (44)

	NULL  shift 53
	THIS  shift 54
	NEW  shift 60
	READ_INTEGER  shift 62
	READ_LINE  shift 63
	LITERAL  shift 64
	INSTANCEOF  shift 65
	'-'  shift 66
	'!'  shift 67
	'('  shift 68
	'['  shift 69
	VAR  shift 72
	IDENTIFIER  reduce 44

	LValue  goto 97
	Expr  goto 107
	Call  goto 99
	Receiver  goto 90
	Constant  goto 91
	ArrayConstant  goto 92


state 68
	Expr : '(' . Expr ')'  (65)
	Expr : '(' . CLASS IDENTIFIER ')' Expr  (74)
	Receiver : .  (44)

	CLASS  shift 108
	NULL  shift 53
	THIS  shift 54
	NEW  shift 60
	READ_INTEGER  shift 62
	READ_LINE  shift 63
	LITERAL  shift 64
	INSTANCEOF  shift 65
	'-'  shift 66
	'!'  shift 67
	'('  shift 68
	'['  shift 69
	VAR  shift 72
	IDENTIFIER  reduce 44

	LValue  goto 97
	Expr  goto 109
	Call  goto 99
	Receiver  goto 90
	Constant  goto 91
	ArrayConstant  goto 92


state 69
	Expr : '[' . Expr FOR IDENTIFIER IN Expr ']'  (79)
	Expr : '[' . Expr FOR IDENTIFIER IN Expr IF Expr ']'  (80)
	ArrayConstant : '[' . ']'  (104)
	ArrayConstant : '[' . ConstantList ']'  (105)
	Receiver : .  (44)

	NULL  shift 53
	THIS  shift 54
	NEW  shift 60
	READ_INTEGER  shift 62
	READ_LINE  shift 63
	LITERAL  shift 64
	INSTANCEOF  shift 65
	'-'  shift 66
	'!'  shift 67
	'('  shift 68
	'['  shift 69
	']'  shift 110
	VAR  shift 72
	IDENTIFIER  reduce 44

	LValue  goto 97
	Expr  goto 111
	Call  goto 99
	Receiver  goto 90
	Constant  goto 112
	ArrayConstant  goto 92
	ConstantList  goto 113


state 70
	StmtBlock : '{' StmtList '}' .  (25)

	.  reduce 25


state 71
	OCStmt : SCOPY . '(' IDENTIFIER ',' Expr ')'  (97)

	'('  shift 114
	.  error


state 72
	LValue : VAR . IDENTIFIER  (47)

	IDENTIFIER  shift 115
	.  error


state 73
	ForeachStmt : FOREACH . '(' BoundVariable IN Expr ')' Stmt  (108)
	ForeachStmt : FOREACH . '(' BoundVariable IN Expr WHILE Expr ')' Stmt  (109)

	'('  shift 116
	.  error


state 74
	Stmt : VariableDef .  (28)

	.  reduce 28


state 75
	Stmt : StmtBlock .  (36)

	.  reduce 36


state 76
	StmtList : StmtList Stmt .  (26)

	.  reduce 26


state 77
	Stmt : SimpleStmt . ';'  (29)

	';'  shift 117
	.  error


state 78
	Stmt : IfStmt .  (30)

	.  reduce 30


state 79
	Stmt : WhileStmt .  (31)

	.  reduce 31


state 80
	Stmt : ForStmt .  (32)

	.  reduce 32


state 81
	Stmt : ReturnStmt . ';'  (33)

	';'  shift 118
	.  error


state 82
	Stmt : PrintStmt . ';'  (34)

	';'  shift 119
	.  error


state 83
	Stmt : BreakStmt . ';'  (35)

	';'  shift 120
	.  error


state 84
	Stmt : OCStmt . ';'  (37)

	';'  shift 121
	.  error


state 85
	Stmt : GuardedStmt .  (38)

	.  reduce 38


state 86
	Stmt : ForeachStmt .  (39)

	.  reduce 39


state 87
	SimpleStmt : LValue . '=' Expr  (40)
	Expr : LValue .  (49)

	'='  shift 122
	AND  reduce 49
	OR  reduce 49
	LESS_EQUAL  reduce 49
	GREATER_EQUAL  reduce 49
	EQUAL  reduce 49
	NOT_EQUAL  reduce 49
	'+'  reduce 49
	'-'  reduce 49
	'*'  reduce 49
	'/'  reduce 49
	'%'  reduce 49
	'>'  reduce 49
	'<'  reduce 49
	'.'  reduce 49
	'['  reduce 49
	INITARRAY  reduce 49
	CONCATARRAY  reduce 49


state 88
	Receiver : Expr . '.'  (43)
	LValue : Expr . '[' Expr ']'  (46)
	Expr : Expr . '+' Expr  (52)
	Expr : Expr . '-' Expr  (53)
	Expr : Expr . '*' Expr  (54)
	Expr : Expr . '/' Expr  (55)
	Expr : Expr . '%' Expr  (56)
	Expr : Expr . EQUAL Expr  (57)
	Expr : Expr . NOT_EQUAL Expr  (58)
	Expr : Expr . '<' Expr  (59)
	Expr : Expr . '>' Expr  (60)
	Expr : Expr . LESS_EQUAL Expr  (61)
	Expr : Expr . GREATER_EQUAL Expr  (62)
	Expr : Expr . AND Expr  (63)
	Expr : Expr . OR Expr  (64)
	Expr : Expr . INITARRAY Expr  (75)
	Expr : Expr . CONCATARRAY Expr  (76)
	Expr : Expr . '[' Expr COLON Expr ']'  (77)
	Expr : Expr . '[' Expr ']' DEFAULT Expr  (78)

	AND  shift 123
	OR  shift 124
	LESS_EQUAL  shift 125
	GREATER_EQUAL  shift 126
	EQUAL  shift 127
	NOT_EQUAL  shift 128
	'+'  shift 129
	'-'  shift 130
	'*'  shift 131
	'/'  shift 132
	'%'  shift 133
	'>'  shift 134
	'<'  shift 135
	'.'  shift 136
	'['  shift 137
	INITARRAY  shift 138
	CONCATARRAY  shift 139
	.  error


state 89
	SimpleStmt : Call .  (41)
	Expr : Call .  (50)

	AND  reduce 50
	OR  reduce 50
	LESS_EQUAL  reduce 50
	GREATER_EQUAL  reduce 50
	EQUAL  reduce 50
	NOT_EQUAL  reduce 50
	'+'  reduce 50
	'-'  reduce 50
	'*'  reduce 50
	'/'  reduce 50
	'%'  reduce 50
	'>'  reduce 50
	'<'  reduce 50
	'.'  reduce 50
	';'  reduce 41
	')'  reduce 41
	'['  reduce 50
	INITARRAY  reduce 50
	CONCATARRAY  reduce 50


state 90
	LValue : Receiver . IDENTIFIER  (45)
	Call : Receiver . IDENTIFIER '(' Actuals ')'  (48)

	IDENTIFIER  shift 140
	.  error


state 91
	Expr : Constant .  (51)

	.  reduce 51


state 92
	Constant : ArrayConstant .  (83)

	.  reduce 83


state 93
	WhileStmt : WHILE '(' . Expr ')' Stmt  (88)
	Receiver : .  (44)

	NULL  shift 53
	THIS  shift 54
	NEW  shift 60
	READ_INTEGER  shift 62
	READ_LINE  shift 63
	LITERAL  shift 64
	INSTANCEOF  shift 65
	'-'  shift 66
	'!'  shift 67
	'('  shift 68
	'['  shift 69
	VAR  shift 72
	IDENTIFIER  reduce 44

	LValue  goto 97
	Expr  goto 141
	Call  goto 99
	Receiver  goto 90
	Constant  goto 91
	ArrayConstant  goto 92


state 94
	ForStmt : FOR '(' . SimpleStmt ';' Expr ';' SimpleStmt ')' Stmt  (89)
	SimpleStmt : .  (42)
	Receiver : .  (44)

	NULL  shift 53
	THIS  shift 54
	NEW  shift 60
	READ_INTEGER  shift 62
	READ_LINE  shift 63
	LITERAL  shift 64
	INSTANCEOF  shift 65
	'-'  shift 66
	'!'  shift 67
	'('  shift 68
	'['  shift 69
	VAR  shift 72
	IDENTIFIER  reduce 44
	';'  reduce 42

	SimpleStmt  goto 142
	LValue  goto 87
	Expr  goto 88
	Call  goto 89
	Receiver  goto 90
	Constant  goto 91
	ArrayConstant  goto 92


state 95
	IfStmt : IF '(' . Expr ')' Stmt ElseClause  (91)
	Receiver : .  (44)

	NULL  shift 53
	THIS  shift 54
	NEW  shift 60
	READ_INTEGER  shift 62
	READ_LINE  shift 63
	LITERAL  shift 64
	INSTANCEOF  shift 65
	'-'  shift 66
	'!'  shift 67
	'('  shift 68
	'['  shift 69
	VAR  shift 72
	IDENTIFIER  reduce 44

	LValue  goto 97
	Expr  goto 143
	Call  goto 99
	Receiver  goto 90
	Constant  goto 91
	ArrayConstant  goto 92


state 96
	GuardedStmt : IF '{' . '}'  (98)
	GuardedStmt : IF '{' . IfBranchList IfSubStmt '}'  (99)
	IfBranchList : .  (101)

	'}'  shift 144
	NULL  reduce 101
	THIS  reduce 101
	NEW  reduce 101
	READ_INTEGER  reduce 101
	READ_LINE  reduce 101
	LITERAL  reduce 101
	IDENTIFIER  reduce 101
	INSTANCEOF  reduce 101
	'-'  reduce 101
	'!'  reduce 101
	'('  reduce 101
	'['  reduce 101
	VAR  reduce 101

	IfBranchList  goto 145


state 97
	Expr : LValue .  (49)

	.  reduce 49


state 98
	Receiver : Expr . '.'  (43)
	LValue : Expr . '[' Expr ']'  (46)
	Expr : Expr . '+' Expr  (52)
	Expr : Expr . '-' Expr  (53)
	Expr : Expr . '*' Expr  (54)
	Expr : Expr . '/' Expr  (55)
	Expr : Expr . '%' Expr  (56)
	Expr : Expr . EQUAL Expr  (57)
	Expr : Expr . NOT_EQUAL Expr  (58)
	Expr : Expr . '<' Expr  (59)
	Expr : Expr . '>' Expr  (60)
	Expr : Expr . LESS_EQUAL Expr  (61)
	Expr : Expr . GREATER_EQUAL Expr  (62)
	Expr : Expr . AND Expr  (63)
	Expr : Expr . OR Expr  (64)
	Expr : Expr . INITARRAY Expr  (75)
	Expr : Expr . CONCATARRAY Expr  (76)
	Expr : Expr . '[' Expr COLON Expr ']'  (77)
	Expr : Expr . '[' Expr ']' DEFAULT Expr  (78)
	ReturnStmt : RETURN Expr .  (94)

	AND  shift 123
	OR  shift 124
	LESS_EQUAL  shift 125
	GREATER_EQUAL  shift 126
	EQUAL  shift 127
	NOT_EQUAL  shift 128
	'+'  shift 129
	'-'  shift 130
	'*'  shift 131
	'/'  shift 132
	'%'  shift 133
	'>'  shift 134
	'<'  shift 135
	'.'  shift 136
	'['  shift 137
	INITARRAY  shift 138
	CONCATARRAY  shift 139
	';'  reduce 94


state 99
	Expr : Call .  (50)

	.  reduce 50


state 100
	Expr : NEW IDENTIFIER . '(' ')'  (71)

	'('  shift 146
	.  error


state 101
	Type : Type . '[' ']'  (11)
	Expr : NEW Type . '[' Expr ']'  (72)

	'['  shift 147
	.  error


state 102
	PrintStmt : PRINT '(' . ExprList ')'  (96)
	Receiver : .  (44)

	NULL  shift 53
	THIS  shift 54
	NEW  shift 60
	READ_INTEGER  shift 62
	READ_LINE  shift 63
	LITERAL  shift 64
	INSTANCEOF  shift 65
	'-'  shift 66
	'!'  shift 67
	'('  shift 68
	'['  shift 69
	VAR  shift 72
	IDENTIFIER  reduce 44

	LValue  goto 97
	Expr  goto 148
	Call  goto 99
	Receiver  goto 90
	Constant  goto 91
	ArrayConstant  goto 92
	ExprList  goto 149


state 103
	Expr : READ_INTEGER '(' . ')'  (68)

	')'  shift 150
	.  error


state 104
	Expr : READ_LINE '(' . ')'  (69)

	')'  shift 151
	.  error


state 105
	Expr : INSTANCEOF '(' . Expr ',' IDENTIFIER ')'  (73)
	Receiver : .  (44)

	NULL  shift 53
	THIS  shift 54
	NEW  shift 60
	READ_INTEGER  shift 62
	READ_LINE  shift 63
	LITERAL  shift 64
	INSTANCEOF  shift 65
	'-'  shift 66
	'!'  shift 67
	'('  shift 68
	'['  shift 69
	VAR  shift 72
	IDENTIFIER  reduce 44

	LValue  goto 97
	Expr  goto 152
	Call  goto 99
	Receiver  goto 90
	Constant  goto 91
	ArrayConstant  goto 92


state 106
	Receiver : Expr . '.'  (43)
	LValue : Expr . '[' Expr ']'  (46)
	Expr : Expr . '+' Expr  (52)
	Expr : Expr . '-' Expr  (53)
	Expr : Expr . '*' Expr  (54)
	Expr : Expr . '/' Expr  (55)
	Expr : Expr . '%' Expr  (56)
	Expr : Expr . EQUAL Expr  (57)
	Expr : Expr . NOT_EQUAL Expr  (58)
	Expr : Expr . '<' Expr  (59)
	Expr : Expr . '>' Expr  (60)
	Expr : Expr . LESS_EQUAL Expr  (61)
	Expr : Expr . GREATER_EQUAL Expr  (62)
	Expr : Expr . AND Expr  (63)
	Expr : Expr . OR Expr  (64)
	Expr : '-' Expr .  (66)
	Expr : Expr . INITARRAY Expr  (75)
	Expr : Expr . CONCATARRAY Expr  (76)
	Expr : Expr . '[' Expr COLON Expr ']'  (77)
	Expr : Expr . '[' Expr ']' DEFAULT Expr  (78)

	'.'  shift 136
	'['  shift 137
	WHILE  reduce 66
	FOR  reduce 66
	IF  reduce 66
	AND  reduce 66
	OR  reduce 66
	LESS_EQUAL  reduce 66
	GREATER_EQUAL  reduce 66
	EQUAL  reduce 66
	NOT_EQUAL  reduce 66
	'+'  reduce 66
	'-'  reduce 66
	'*'  reduce 66
	'/'  reduce 66
	'%'  reduce 66
	'>'  reduce 66
	'<'  reduce 66
	','  reduce 66
	';'  reduce 66
	')'  reduce 66
	']'  reduce 66
	COLON  reduce 66
	INITARRAY  reduce 66
	CONCATARRAY  reduce 66


state 107
	Receiver : Expr . '.'  (43)
	LValue : Expr . '[' Expr ']'  (46)
	Expr : Expr . '+' Expr  (52)
	Expr : Expr . '-' Expr  (53)
	Expr : Expr . '*' Expr  (54)
	Expr : Expr . '/' Expr  (55)
	Expr : Expr . '%' Expr  (56)
	Expr : Expr . EQUAL Expr  (57)
	Expr : Expr . NOT_EQUAL Expr  (58)
	Expr : Expr . '<' Expr  (59)
	Expr : Expr . '>' Expr  (60)
	Expr : Expr . LESS_EQUAL Expr  (61)
	Expr : Expr . GREATER_EQUAL Expr  (62)
	Expr : Expr . AND Expr  (63)
	Expr : Expr . OR Expr  (64)
	Expr : '!' Expr .  (67)
	Expr : Expr . INITARRAY Expr  (75)
	Expr : Expr . CONCATARRAY Expr  (76)
	Expr : Expr . '[' Expr COLON Expr ']'  (77)
	Expr : Expr . '[' Expr ']' DEFAULT Expr  (78)

	'.'  shift 136
	'['  shift 137
	WHILE  reduce 67
	FOR  reduce 67
	IF  reduce 67
	AND  reduce 67
	OR  reduce 67
	LESS_EQUAL  reduce 67
	GREATER_EQUAL  reduce 67
	EQUAL  reduce 67
	NOT_EQUAL  reduce 67
	'+'  reduce 67
	'-'  reduce 67
	'*'  reduce 67
	'/'  reduce 67
	'%'  reduce 67
	'>'  reduce 67
	'<'  reduce 67
	','  reduce 67
	';'  reduce 67
	')'  reduce 67
	']'  reduce 67
	COLON  reduce 67
	INITARRAY  reduce 67
	CONCATARRAY  reduce 67


state 108
	Expr : '(' CLASS . IDENTIFIER ')' Expr  (74)

	IDENTIFIER  shift 153
	.  error


state 109
	Receiver : Expr . '.'  (43)
	LValue : Expr . '[' Expr ']'  (46)
	Expr : Expr . '+' Expr  (52)
	Expr : Expr . '-' Expr  (53)
	Expr : Expr . '*' Expr  (54)
	Expr : Expr . '/' Expr  (55)
	Expr : Expr . '%' Expr  (56)
	Expr : Expr . EQUAL Expr  (57)
	Expr : Expr . NOT_EQUAL Expr  (58)
	Expr : Expr . '<' Expr  (59)
	Expr : Expr . '>' Expr  (60)
	Expr : Expr . LESS_EQUAL Expr  (61)
	Expr : Expr . GREATER_EQUAL Expr  (62)
	Expr : Expr . AND Expr  (63)
	Expr : Expr . OR Expr  (64)
	Expr : '(' Expr . ')'  (65)
	Expr : Expr . INITARRAY Expr  (75)
	Expr : Expr . CONCATARRAY Expr  (76)
	Expr : Expr . '[' Expr COLON Expr ']'  (77)
	Expr : Expr . '[' Expr ']' DEFAULT Expr  (78)

	AND  shift 123
	OR  shift 124
	LESS_EQUAL  shift 125
	GREATER_EQUAL  shift 126
	EQUAL  shift 127
	NOT_EQUAL  shift 128
	'+'  shift 129
	'-'  shift 130
	'*'  shift 131
	'/'  shift 132
	'%'  shift 133
	'>'  shift 134
	'<'  shift 135
	'.'  shift 136
	')'  shift 154
	'['  shift 137
	INITARRAY  shift 138
	CONCATARRAY  shift 139
	.  error


state 110
	ArrayConstant : '[' ']' .  (104)

	.  reduce 104


state 111
	Receiver : Expr . '.'  (43)
	LValue : Expr . '[' Expr ']'  (46)
	Expr : Expr . '+' Expr  (52)
	Expr : Expr . '-' Expr  (53)
	Expr : Expr . '*' Expr  (54)
	Expr : Expr . '/' Expr  (55)
	Expr : Expr . '%' Expr  (56)
	Expr : Expr . EQUAL Expr  (57)
	Expr : Expr . NOT_EQUAL Expr  (58)
	Expr : Expr . '<' Expr  (59)
	Expr : Expr . '>' Expr  (60)
	Expr : Expr . LESS_EQUAL Expr  (61)
	Expr : Expr . GREATER_EQUAL Expr  (62)
	Expr : Expr . AND Expr  (63)
	Expr : Expr . OR Expr  (64)
	Expr : Expr . INITARRAY Expr  (75)
	Expr : Expr . CONCATARRAY Expr  (76)
	Expr : Expr . '[' Expr COLON Expr ']'  (77)
	Expr : Expr . '[' Expr ']' DEFAULT Expr  (78)
	Expr : '[' Expr . FOR IDENTIFIER IN Expr ']'  (79)
	Expr : '[' Expr . FOR IDENTIFIER IN Expr IF Expr ']'  (80)

	FOR  shift 155
	AND  shift 123
	OR  shift 124
	LESS_EQUAL  shift 125
	GREATER_EQUAL  shift 126
	EQUAL  shift 127
	NOT_EQUAL  shift 128
	'+'  shift 129
	'-'  shift 130
	'*'  shift 131
	'/'  shift 132
	'%'  shift 133
	'>'  shift 134
	'<'  shift 135
	'.'  shift 136
	'['  shift 137
	INITARRAY  shift 138
	CONCATARRAY  shift 139
	.  error


state 112
	Expr : Constant .  (51)
	ConstantList : Constant .  (107)

	FOR  reduce 51
	AND  reduce 51
	OR  reduce 51
	LESS_EQUAL  reduce 51
	GREATER_EQUAL  reduce 51
	EQUAL  reduce 51
	NOT_EQUAL  reduce 51
	'+'  reduce 51
	'-'  reduce 51
	'*'  reduce 51
	'/'  reduce 51
	'%'  reduce 51
	'>'  reduce 51
	'<'  reduce 51
	'.'  reduce 51
	','  reduce 107
	'['  reduce 51
	']'  reduce 107
	INITARRAY  reduce 51
	CONCATARRAY  reduce 51


state 113
	ArrayConstant : '[' ConstantList . ']'  (105)
	ConstantList : ConstantList . ',' Constant  (106)

	','  shift 156
	']'  shift 157
	.  error


state 114
	OCStmt : SCOPY '(' . IDENTIFIER ',' Expr ')'  (97)

	IDENTIFIER  shift 158
	.  error


state 115
	LValue : VAR IDENTIFIER .  (47)

	.  reduce 47


state 116
	ForeachStmt : FOREACH '(' . BoundVariable IN Expr ')' Stmt  (108)
	ForeachStmt : FOREACH '(' . BoundVariable IN Expr WHILE Expr ')' Stmt  (109)

	VOID  shift 17
	BOOL  shift 18
	INT  shift 19
	STRING  shift 20
	CLASS  shift 21
	VAR  shift 159
	.  error

	Type  goto 160
	BoundVariable  goto 161


state 117
	Stmt : SimpleStmt ';' .  (29)

	.  reduce 29


state 118
	Stmt : ReturnStmt ';' .  (33)

	.  reduce 33


state 119
	Stmt : PrintStmt ';' .  (34)

	.  reduce 34


state 120
	Stmt : BreakStmt ';' .  (35)

	.  reduce 35


state 121
	Stmt : OCStmt ';' .  (37)

	.  reduce 37


state 122
	SimpleStmt : LValue '=' . Expr  (40)
	Receiver : .  (44)

	NULL  shift 53
	THIS  shift 54
	NEW  shift 60
	READ_INTEGER  shift 62
	READ_LINE  shift 63
	LITERAL  shift 64
	INSTANCEOF  shift 65
	'-'  shift 66
	'!'  shift 67
	'('  shift 68
	'['  shift 69
	VAR  shift 72
	IDENTIFIER  reduce 44

	LValue  goto 97
	Expr  goto 162
	Call  goto 99
	Receiver  goto 90
	Constant  goto 91
	ArrayConstant  goto 92


state 123
	Expr : Expr AND . Expr  (63)
	Receiver : .  (44)

	NULL  shift 53
	THIS  shift 54
	NEW  shift 60
	READ_INTEGER  shift 62
	READ_LINE  shift 63
	LITERAL  shift 64
	INSTANCEOF  shift 65
	'-'  shift 66
	'!'  shift 67
	'('  shift 68
	'['  shift 69
	VAR  shift 72
	IDENTIFIER  reduce 44

	LValue  goto 97
	Expr  goto 163
	Call  goto 99
	Receiver  goto 90
	Constant  goto 91
	ArrayConstant  goto 92


state 124
	Expr : Expr OR . Expr  (64)
	Receiver : .  (44)

	NULL  shift 53
	THIS  shift 54
	NEW  shift 60
	READ_INTEGER  shift 62
	READ_LINE  shift 63
	LITERAL  shift 64
	INSTANCEOF  shift 65
	'-'  shift 66
	'!'  shift 67
	'('  shift 68
	'['  shift 69
	VAR  shift 72
	IDENTIFIER  reduce 44

	LValue  goto 97
	Expr  goto 164
	Call  goto 99
	Receiver  goto 90
	Constant  goto 91
	ArrayConstant  goto 92


state 125
	Expr : Expr LESS_EQUAL . Expr  (61)
	Receiver : .  (44)

	NULL  shift 53
	THIS  shift 54
	NEW  shift 60
	READ_INTEGER  shift 62
	READ_LINE  shift 63
	LITERAL  shift 64
	INSTANCEOF  shift 65
	'-'  shift 66
	'!'  shift 67
	'('  shift 68
	'['  shift 69
	VAR  shift 72
	IDENTIFIER  reduce 44

	LValue  goto 97
	Expr  goto 165
	Call  goto 99
	Receiver  goto 90
	Constant  goto 91
	ArrayConstant  goto 92


state 126
	Expr : Expr GREATER_EQUAL . Expr  (62)
	Receiver : .  (44)

	NULL  shift 53
	THIS  shift 54
	NEW  shift 60
	READ_INTEGER  shift 62
	READ_LINE  shift 63
	LITERAL  shift 64
	INSTANCEOF  shift 65
	'-'  shift 66
	'!'  shift 67
	'('  shift 68
	'['  shift 69
	VAR  shift 72
	IDENTIFIER  reduce 44

	LValue  goto 97
	Expr  goto 166
	Call  goto 99
	Receiver  goto 90
	Constant  goto 91
	ArrayConstant  goto 92


state 127
	Expr : Expr EQUAL . Expr  (57)
	Receiver : .  (44)

	NULL  shift 53
	THIS  shift 54
	NEW  shift 60
	READ_INTEGER  shift 62
	READ_LINE  shift 63
	LITERAL  shift 64
	INSTANCEOF  shift 65
	'-'  shift 66
	'!'  shift 67
	'('  shift 68
	'['  shift 69
	VAR  shift 72
	IDENTIFIER  reduce 44

	LValue  goto 97
	Expr  goto 167
	Call  goto 99
	Receiver  goto 90
	Constant  goto 91
	ArrayConstant  goto 92


state 128
	Expr : Expr NOT_EQUAL . Expr  (58)
	Receiver : .  (44)

	NULL  shift 53
	THIS  shift 54
	NEW  shift 60
	READ_INTEGER  shift 62
	READ_LINE  shift 63
	LITERAL  shift 64
	INSTANCEOF  shift 65
	'-'  shift 66
	'!'  shift 67
	'('  shift 68
	'['  shift 69
	VAR  shift 72
	IDENTIFIER  reduce 44

	LValue  goto 97
	Expr  goto 168
	Call  goto 99
	Receiver  goto 90
	Constant  goto 91
	ArrayConstant  goto 92


state 129
	Expr : Expr '+' . Expr  (52)
	Receiver : .  (44)

	NULL  shift 53
	THIS  shift 54
	NEW  shift 60
	READ_INTEGER  shift 62
	READ_LINE  shift 63
	LITERAL  shift 64
	INSTANCEOF  shift 65
	'-'  shift 66
	'!'  shift 67
	'('  shift 68
	'['  shift 69
	VAR  shift 72
	IDENTIFIER  reduce 44

	LValue  goto 97
	Expr  goto 169
	Call  goto 99
	Receiver  goto 90
	Constant  goto 91
	ArrayConstant  goto 92


state 130
	Expr : Expr '-' . Expr  (53)
	Receiver : .  (44)

	NULL  shift 53
	THIS  shift 54
	NEW  shift 60
	READ_INTEGER  shift 62
	READ_LINE  shift 63
	LITERAL  shift 64
	INSTANCEOF  shift 65
	'-'  shift 66
	'!'  shift 67
	'('  shift 68
	'['  shift 69
	VAR  shift 72
	IDENTIFIER  reduce 44

	LValue  goto 97
	Expr  goto 170
	Call  goto 99
	Receiver  goto 90
	Constant  goto 91
	ArrayConstant  goto 92


state 131
	Expr : Expr '*' . Expr  (54)
	Receiver : .  (44)

	NULL  shift 53
	THIS  shift 54
	NEW  shift 60
	READ_INTEGER  shift 62
	READ_LINE  shift 63
	LITERAL  shift 64
	INSTANCEOF  shift 65
	'-'  shift 66
	'!'  shift 67
	'('  shift 68
	'['  shift 69
	VAR  shift 72
	IDENTIFIER  reduce 44

	LValue  goto 97
	Expr  goto 171
	Call  goto 99
	Receiver  goto 90
	Constant  goto 91
	ArrayConstant  goto 92


state 132
	Expr : Expr '/' . Expr  (55)
	Receiver : .  (44)

	NULL  shift 53
	THIS  shift 54
	NEW  shift 60
	READ_INTEGER  shift 62
	READ_LINE  shift 63
	LITERAL  shift 64
	INSTANCEOF  shift 65
	'-'  shift 66
	'!'  shift 67
	'('  shift 68
	'['  shift 69
	VAR  shift 72
	IDENTIFIER  reduce 44

	LValue  goto 97
	Expr  goto 172
	Call  goto 99
	Receiver  goto 90
	Constant  goto 91
	ArrayConstant  goto 92


state 133
	Expr : Expr '%' . Expr  (56)
	Receiver : .  (44)

	NULL  shift 53
	THIS  shift 54
	NEW  shift 60
	READ_INTEGER  shift 62
	READ_LINE  shift 63
	LITERAL  shift 64
	INSTANCEOF  shift 65
	'-'  shift 66
	'!'  shift 67
	'('  shift 68
	'['  shift 69
	VAR  shift 72
	IDENTIFIER  reduce 44

	LValue  goto 97
	Expr  goto 173
	Call  goto 99
	Receiver  goto 90
	Constant  goto 91
	ArrayConstant  goto 92


state 134
	Expr : Expr '>' . Expr  (60)
	Receiver : .  (44)

	NULL  shift 53
	THIS  shift 54
	NEW  shift 60
	READ_INTEGER  shift 62
	READ_LINE  shift 63
	LITERAL  shift 64
	INSTANCEOF  shift 65
	'-'  shift 66
	'!'  shift 67
	'('  shift 68
	'['  shift 69
	VAR  shift 72
	IDENTIFIER  reduce 44

	LValue  goto 97
	Expr  goto 174
	Call  goto 99
	Receiver  goto 90
	Constant  goto 91
	ArrayConstant  goto 92


state 135
	Expr : Expr '<' . Expr  (59)
	Receiver : .  (44)

	NULL  shift 53
	THIS  shift 54
	NEW  shift 60
	READ_INTEGER  shift 62
	READ_LINE  shift 63
	LITERAL  shift 64
	INSTANCEOF  shift 65
	'-'  shift 66
	'!'  shift 67
	'('  shift 68
	'['  shift 69
	VAR  shift 72
	IDENTIFIER  reduce 44

	LValue  goto 97
	Expr  goto 175
	Call  goto 99
	Receiver  goto 90
	Constant  goto 91
	ArrayConstant  goto 92


state 136
	Receiver : Expr '.' .  (43)

	.  reduce 43


state 137
	LValue : Expr '[' . Expr ']'  (46)
	Expr : Expr '[' . Expr COLON Expr ']'  (77)
	Expr : Expr '[' . Expr ']' DEFAULT Expr  (78)
	Receiver : .  (44)

	NULL  shift 53
	THIS  shift 54
	NEW  shift 60
	READ_INTEGER  shift 62
	READ_LINE  shift 63
	LITERAL  shift 64
	INSTANCEOF  shift 65
	'-'  shift 66
	'!'  shift 67
	'('  shift 68
	'['  shift 69
	VAR  shift 72
	IDENTIFIER  reduce 44

	LValue  goto 97
	Expr  goto 176
	Call  goto 99
	Receiver  goto 90
	Constant  goto 91
	ArrayConstant  goto 92


state 138
	Expr : Expr INITARRAY . Expr  (75)
	Receiver : .  (44)

	NULL  shift 53
	THIS  shift 54
	NEW  shift 60
	READ_INTEGER  shift 62
	READ_LINE  shift 63
	LITERAL  shift 64
	INSTANCEOF  shift 65
	'-'  shift 66
	'!'  shift 67
	'('  shift 68
	'['  shift 69
	VAR  shift 72
	IDENTIFIER  reduce 44

	LValue  goto 97
	Expr  goto 177
	Call  goto 99
	Receiver  goto 90
	Constant  goto 91
	ArrayConstant  goto 92


state 139
	Expr : Expr CONCATARRAY . Expr  (76)
	Receiver : .  (44)

	NULL  shift 53
	THIS  shift 54
	NEW  shift 60
	READ_INTEGER  shift 62
	READ_LINE  shift 63
	LITERAL  shift 64
	INSTANCEOF  shift 65
	'-'  shift 66
	'!'  shift 67
	'('  shift 68
	'['  shift 69
	VAR  shift 72
	IDENTIFIER  reduce 44

	LValue  goto 97
	Expr  goto 178
	Call  goto 99
	Receiver  goto 90
	Constant  goto 91
	ArrayConstant  goto 92


state 140
	LValue : Receiver IDENTIFIER .  (45)
	Call : Receiver IDENTIFIER . '(' Actuals ')'  (48)

	'('  shift 179
	WHILE  reduce 45
	FOR  reduce 45
	IF  reduce 45
	AND  reduce 45
	OR  reduce 45
	LESS_EQUAL  reduce 45
	GREATER_EQUAL  reduce 45
	EQUAL  reduce 45
	NOT_EQUAL  reduce 45
	'+'  reduce 45
	'-'  reduce 45
	'*'  reduce 45
	'/'  reduce 45
	'%'  reduce 45
	'='  reduce 45
	'>'  reduce 45
	'<'  reduce 45
	'.'  reduce 45
	','  reduce 45
	';'  reduce 45
	')'  reduce 45
	'['  reduce 45
	']'  reduce 45
	COLON  reduce 45
	INITARRAY  reduce 45
	CONCATARRAY  reduce 45


state 141
	Receiver : Expr . '.'  (43)
	LValue : Expr . '[' Expr ']'  (46)
	Expr : Expr . '+' Expr  (52)
	Expr : Expr . '-' Expr  (53)
	Expr : Expr . '*' Expr  (54)
	Expr : Expr . '/' Expr  (55)
	Expr : Expr . '%' Expr  (56)
	Expr : Expr . EQUAL Expr  (57)
	Expr : Expr . NOT_EQUAL Expr  (58)
	Expr : Expr . '<' Expr  (59)
	Expr : Expr . '>' Expr  (60)
	Expr : Expr . LESS_EQUAL Expr  (61)
	Expr : Expr . GREATER_EQUAL Expr  (62)
	Expr : Expr . AND Expr  (63)
	Expr : Expr . OR Expr  (64)
	Expr : Expr . INITARRAY Expr  (75)
	Expr : Expr . CONCATARRAY Expr  (76)
	Expr : Expr . '[' Expr COLON Expr ']'  (77)
	Expr : Expr . '[' Expr ']' DEFAULT Expr  (78)
	WhileStmt : WHILE '(' Expr . ')' Stmt  (88)

	AND  shift 123
	OR  shift 124
	LESS_EQUAL  shift 125
	GREATER_EQUAL  shift 126
	EQUAL  shift 127
	NOT_EQUAL  shift 128
	'+'  shift 129
	'-'  shift 130
	'*'  shift 131
	'/'  shift 132
	'%'  shift 133
	'>'  shift 134
	'<'  shift 135
	'.'  shift 136
	')'  shift 180
	'['  shift 137
	INITARRAY  shift 138
	CONCATARRAY  shift 139
	.  error


state 142
	ForStmt : FOR '(' SimpleStmt . ';' Expr ';' SimpleStmt ')' Stmt  (89)

	';'  shift 181
	.  error


state 143
	Receiver : Expr . '.'  (43)
	LValue : Expr . '[' Expr ']'  (46)
	Expr : Expr . '+' Expr  (52)
	Expr : Expr . '-' Expr  (53)
	Expr : Expr . '*' Expr  (54)
	Expr : Expr . '/' Expr  (55)
	Expr : Expr . '%' Expr  (56)
	Expr : Expr . EQUAL Expr  (57)
	Expr : Expr . NOT_EQUAL Expr  (58)
	Expr : Expr . '<' Expr  (59)
	Expr : Expr . '>' Expr  (60)
	Expr : Expr . LESS_EQUAL Expr  (61)
	Expr : Expr . GREATER_EQUAL Expr  (62)
	Expr : Expr . AND Expr  (63)
	Expr : Expr . OR Expr  (64)
	Expr : Expr . INITARRAY Expr  (75)
	Expr : Expr . CONCATARRAY Expr  (76)
	Expr : Expr . '[' Expr COLON Expr ']'  (77)
	Expr : Expr . '[' Expr ']' DEFAULT Expr  (78)
	IfStmt : IF '(' Expr . ')' Stmt ElseClause  (91)

	AND  shift 123
	OR  shift 124
	LESS_EQUAL  shift 125
	GREATER_EQUAL  shift 126
	EQUAL  shift 127
	NOT_EQUAL  shift 128
	'+'  shift 129
	'-'  shift 130
	'*'  shift 131
	'/'  shift 132
	'%'  shift 133
	'>'  shift 134
	'<'  shift 135
	'.'  shift 136
	')'  shift 182
	'['  shift 137
	INITARRAY  shift 138
	CONCATARRAY  shift 139
	.  error


state 144
	GuardedStmt : IF '{' '}' .  (98)

	.  reduce 98


state 145
	GuardedStmt : IF '{' IfBranchList . IfSubStmt '}'  (99)
	IfBranchList : IfBranchList . IfBranch  (100)
	Receiver : .  (44)

	NULL  shift 53
	THIS  shift 54
	NEW  shift 60
	READ_INTEGER  shift 62
	READ_LINE  shift 63
	LITERAL  shift 64
	INSTANCEOF  shift 65
	'-'  shift 66
	'!'  shift 67
	'('  shift 68
	'['  shift 69
	VAR  shift 72
	IDENTIFIER  reduce 44

	LValue  goto 97
	Expr  goto 183
	Call  goto 99
	Receiver  goto 90
	Constant  goto 91
	ArrayConstant  goto 92
	IfSubStmt  goto 184
	IfBranch  goto 185


state 146
	Expr : NEW IDENTIFIER '(' . ')'  (71)

	')'  shift 186
	.  error


state 147
	Type : Type '[' . ']'  (11)
	Expr : NEW Type '[' . Expr ']'  (72)
	Receiver : .  (44)

	NULL  shift 53
	THIS  shift 54
	NEW  shift 60
	READ_INTEGER  shift 62
	READ_LINE  shift 63
	LITERAL  shift 64
	INSTANCEOF  shift 65
	'-'  shift 66
	'!'  shift 67
	'('  shift 68
	'['  shift 69
	']'  shift 37
	VAR  shift 72
	IDENTIFIER  reduce 44

	LValue  goto 97
	Expr  goto 187
	Call  goto 99
	Receiver  goto 90
	Constant  goto 91
	ArrayConstant  goto 92


state 148
	Receiver : Expr . '.'  (43)
	LValue : Expr . '[' Expr ']'  (46)
	Expr : Expr . '+' Expr  (52)
	Expr : Expr . '-' Expr  (53)
	Expr : Expr . '*' Expr  (54)
	Expr : Expr . '/' Expr  (55)
	Expr : Expr . '%' Expr  (56)
	Expr : Expr . EQUAL Expr  (57)
	Expr : Expr . NOT_EQUAL Expr  (58)
	Expr : Expr . '<' Expr  (59)
	Expr : Expr . '>' Expr  (60)
	Expr : Expr . LESS_EQUAL Expr  (61)
	Expr : Expr . GREATER_EQUAL Expr  (62)
	Expr : Expr . AND Expr  (63)
	Expr : Expr . OR Expr  (64)
	Expr : Expr . INITARRAY Expr  (75)
	Expr : Expr . CONCATARRAY Expr  (76)
	Expr : Expr . '[' Expr COLON Expr ']'  (77)
	Expr : Expr . '[' Expr ']' DEFAULT Expr  (78)
	ExprList : Expr .  (87)

	AND  shift 123
	OR  shift 124
	LESS_EQUAL  shift 125
	GREATER_EQUAL  shift 126
	EQUAL  shift 127
	NOT_EQUAL  shift 128
	'+'  shift 129
	'-'  shift 130
	'*'  shift 131
	'/'  shift 132
	'%'  shift 133
	'>'  shift 134
	'<'  shift 135
	'.'  shift 136
	'['  shift 137
	INITARRAY  shift 138
	CONCATARRAY  shift 139
	','  reduce 87
	')'  reduce 87


state 149
	ExprList : ExprList . ',' Expr  (86)
	PrintStmt : PRINT '(' ExprList . ')'  (96)

	','  shift 188
	')'  shift 189
	.  error


state 150
	Expr : READ_INTEGER '(' ')' .  (68)

	.  reduce 68


state 151
	Expr : READ_LINE '(' ')' .  (69)

	.  reduce 69


state 152
	Receiver : Expr . '.'  (43)
	LValue : Expr . '[' Expr ']'  (46)
	Expr : Expr . '+' Expr  (52)
	Expr : Expr . '-' Expr  (53)
	Expr : Expr . '*' Expr  (54)
	Expr : Expr . '/' Expr  (55)
	Expr : Expr . '%' Expr  (56)
	Expr : Expr . EQUAL Expr  (57)
	Expr : Expr . NOT_EQUAL Expr  (58)
	Expr : Expr . '<' Expr  (59)
	Expr : Expr . '>' Expr  (60)
	Expr : Expr . LESS_EQUAL Expr  (61)
	Expr : Expr . GREATER_EQUAL Expr  (62)
	Expr : Expr . AND Expr  (63)
	Expr : Expr . OR Expr  (64)
	Expr : INSTANCEOF '(' Expr . ',' IDENTIFIER ')'  (73)
	Expr : Expr . INITARRAY Expr  (75)
	Expr : Expr . CONCATARRAY Expr  (76)
	Expr : Expr . '[' Expr COLON Expr ']'  (77)
	Expr : Expr . '[' Expr ']' DEFAULT Expr  (78)

	AND  shift 123
	OR  shift 124
	LESS_EQUAL  shift 125
	GREATER_EQUAL  shift 126
	EQUAL  shift 127
	NOT_EQUAL  shift 128
	'+'  shift 129
	'-'  shift 130
	'*'  shift 131
	'/'  shift 132
	'%'  shift 133
	'>'  shift 134
	'<'  shift 135
	'.'  shift 136
	','  shift 190
	'['  shift 137
	INITARRAY  shift 138
	CONCATARRAY  shift 139
	.  error


state 153
	Expr : '(' CLASS IDENTIFIER . ')' Expr  (74)

	')'  shift 191
	.  error


state 154
	Expr : '(' Expr ')' .  (65)

	.  reduce 65


state 155
	Expr : '[' Expr FOR . IDENTIFIER IN Expr ']'  (79)
	Expr : '[' Expr FOR . IDENTIFIER IN Expr IF Expr ']'  (80)

	IDENTIFIER  shift 192
	.  error


state 156
	ConstantList : ConstantList ',' . Constant  (106)

	NULL  shift 53
	LITERAL  shift 64
	'['  shift 193
	.  error

	Constant  goto 194
	ArrayConstant  goto 92


state 157
	ArrayConstant : '[' ConstantList ']' .  (105)

	.  reduce 105


state 158
	OCStmt : SCOPY '(' IDENTIFIER . ',' Expr ')'  (97)

	','  shift 195
	.  error


state 159
	BoundVariable : VAR . IDENTIFIER  (110)

	IDENTIFIER  shift 196
	.  error


state 160
	Type : Type . '[' ']'  (11)
	BoundVariable : Type . IDENTIFIER  (111)

	IDENTIFIER  shift 197
	'['  shift 33
	.  error


state 161
	ForeachStmt : FOREACH '(' BoundVariable . IN Expr ')' Stmt  (108)
	ForeachStmt : FOREACH '(' BoundVariable . IN Expr WHILE Expr ')' Stmt  (109)

	IN  shift 198
	.  error


state 162
	SimpleStmt : LValue '=' Expr .  (40)
	Receiver : Expr . '.'  (43)
	LValue : Expr . '[' Expr ']'  (46)
	Expr : Expr . '+' Expr  (52)
	Expr : Expr . '-' Expr  (53)
	Expr : Expr . '*' Expr  (54)
	Expr : Expr . '/' Expr  (55)
	Expr : Expr . '%' Expr  (56)
	Expr : Expr . EQUAL Expr  (57)
	Expr : Expr . NOT_EQUAL Expr  (58)
	Expr : Expr . '<' Expr  (59)
	Expr : Expr . '>' Expr  (60)
	Expr : Expr . LESS_EQUAL Expr  (61)
	Expr : Expr . GREATER_EQUAL Expr  (62)
	Expr : Expr . AND Expr  (63)
	Expr : Expr . OR Expr  (64)
	Expr : Expr . INITARRAY Expr  (75)
	Expr : Expr . CONCATARRAY Expr  (76)
	Expr : Expr . '[' Expr COLON Expr ']'  (77)
	Expr : Expr . '[' Expr ']' DEFAULT Expr  (78)

	AND  shift 123
	OR  shift 124
	LESS_EQUAL  shift 125
	GREATER_EQUAL  shift 126
	EQUAL  shift 127
	NOT_EQUAL  shift 128
	'+'  shift 129
	'-'  shift 130
	'*'  shift 131
	'/'  shift 132
	'%'  shift 133
	'>'  shift 134
	'<'  shift 135
	'.'  shift 136
	'['  shift 137
	INITARRAY  shift 138
	CONCATARRAY  shift 139
	';'  reduce 40
	')'  reduce 40


state 163
	Receiver : Expr . '.'  (43)
	LValue : Expr . '[' Expr ']'  (46)
	Expr : Expr . '+' Expr  (52)
	Expr : Expr . '-' Expr  (53)
	Expr : Expr . '*' Expr  (54)
	Expr : Expr . '/' Expr  (55)
	Expr : Expr . '%' Expr  (56)
	Expr : Expr . EQUAL Expr  (57)
	Expr : Expr . NOT_EQUAL Expr  (58)
	Expr : Expr . '<' Expr  (59)
	Expr : Expr . '>' Expr  (60)
	Expr : Expr . LESS_EQUAL Expr  (61)
	Expr : Expr . GREATER_EQUAL Expr  (62)
	Expr : Expr . AND Expr  (63)
	Expr : Expr AND Expr .  (63)
	Expr : Expr . OR Expr  (64)
	Expr : Expr . INITARRAY Expr  (75)
	Expr : Expr . CONCATARRAY Expr  (76)
	Expr : Expr . '[' Expr COLON Expr ']'  (77)
	Expr : Expr . '[' Expr ']' DEFAULT Expr  (78)

	LESS_EQUAL  shift 125
	GREATER_EQUAL  shift 126
	EQUAL  shift 127
	NOT_EQUAL  shift 128
	'+'  shift 129
	'-'  shift 130
	'*'  shift 131
	'/'  shift 132
	'%'  shift 133
	'>'  shift 134
	'<'  shift 135
	'.'  shift 136
	'['  shift 137
	INITARRAY  shift 138
	CONCATARRAY  shift 139
	WHILE  reduce 63
	FOR  reduce 63
	IF  reduce 63
	AND  reduce 63
	OR  reduce 63
	','  reduce 63
	';'  reduce 63
	')'  reduce 63
	']'  reduce 63
	COLON  reduce 63


state 164
	Receiver : Expr . '.'  (43)
	LValue : Expr . '[' Expr ']'  (46)
	Expr : Expr . '+' Expr  (52)
	Expr : Expr . '-' Expr  (53)
	Expr : Expr . '*' Expr  (54)
	Expr : Expr . '/' Expr  (55)
	Expr : Expr . '%' Expr  (56)
	Expr : Expr . EQUAL Expr  (57)
	Expr : Expr . NOT_EQUAL Expr  (58)
	Expr : Expr . '<' Expr  (59)
	Expr : Expr . '>' Expr  (60)
	Expr : Expr . LESS_EQUAL Expr  (61)
	Expr : Expr . GREATER_EQUAL Expr  (62)
	Expr : Expr . AND Expr  (63)
	Expr : Expr . OR Expr  (64)
	Expr : Expr OR Expr .  (64)
	Expr : Expr . INITARRAY Expr  (75)
	Expr : Expr . CONCATARRAY Expr  (76)
	Expr : Expr . '[' Expr COLON Expr ']'  (77)
	Expr : Expr . '[' Expr ']' DEFAULT Expr  (78)

	AND  shift 123
	LESS_EQUAL  shift 125
	GREATER_EQUAL  shift 126
	EQUAL  shift 127
	NOT_EQUAL  shift 128
	'+'  shift 129
	'-'  shift 130
	'*'  shift 131
	'/'  shift 132
	'%'  shift 133
	'>'  shift 134
	'<'  shift 135
	'.'  shift 136
	'['  shift 137
	INITARRAY  shift 138
	CONCATARRAY  shift 139
	WHILE  reduce 64
	FOR  reduce 64
	IF  reduce 64
	OR  reduce 64
	','  reduce 64
	';'  reduce 64
	')'  reduce 64
	']'  reduce 64
	COLON  reduce 64


state 165
	Receiver : Expr . '.'  (43)
	LValue : Expr . '[' Expr ']'  (46)
	Expr : Expr . '+' Expr  (52)
	Expr : Expr . '-' Expr  (53)
	Expr : Expr . '*' Expr  (54)
	Expr : Expr . '/' Expr  (55)
	Expr : Expr . '%' Expr  (56)
	Expr : Expr . EQUAL Expr  (57)
	Expr : Expr . NOT_EQUAL Expr  (58)
	Expr : Expr . '<' Expr  (59)
	Expr : Expr . '>' Expr  (60)
	Expr : Expr . LESS_EQUAL Expr  (61)
	Expr : Expr LESS_EQUAL Expr .  (61)
	Expr : Expr . GREATER_EQUAL Expr  (62)
	Expr : Expr . AND Expr  (63)
	Expr : Expr . OR Expr  (64)
	Expr : Expr . INITARRAY Expr  (75)
	Expr : Expr . CONCATARRAY Expr  (76)
	Expr : Expr . '[' Expr COLON Expr ']'  (77)
	Expr : Expr . '[' Expr ']' DEFAULT Expr  (78)

	'+'  shift 129
	'-'  shift 130
	'*'  shift 131
	'/'  shift 132
	'%'  shift 133
	'.'  shift 136
	'['  shift 137
	INITARRAY  shift 138
	CONCATARRAY  shift 139
	WHILE  reduce 61
	FOR  reduce 61
	IF  reduce 61
	AND  reduce 61
	OR  reduce 61
	EQUAL  reduce 61
	NOT_EQUAL  reduce 61
	','  reduce 61
	';'  reduce 61
	')'  reduce 61
	']'  reduce 61
	COLON  reduce 61


state 166
	Receiver : Expr . '.'  (43)
	LValue : Expr . '[' Expr ']'  (46)
	Expr : Expr . '+' Expr  (52)
	Expr : Expr . '-' Expr  (53)
	Expr : Expr . '*' Expr  (54)
	Expr : Expr . '/' Expr  (55)
	Expr : Expr . '%' Expr  (56)
	Expr : Expr . EQUAL Expr  (57)
	Expr : Expr . NOT_EQUAL Expr  (58)
	Expr : Expr . '<' Expr  (59)
	Expr : Expr . '>' Expr  (60)
	Expr : Expr . LESS_EQUAL Expr  (61)
	Expr : Expr . GREATER_EQUAL Expr  (62)
	Expr : Expr GREATER_EQUAL Expr .  (62)
	Expr : Expr . AND Expr  (63)
	Expr : Expr . OR Expr  (64)
	Expr : Expr . INITARRAY Expr  (75)
	Expr : Expr . CONCATARRAY Expr  (76)
	Expr : Expr . '[' Expr COLON Expr ']'  (77)
	Expr : Expr . '[' Expr ']' DEFAULT Expr  (78)

	'+'  shift 129
	'-'  shift 130
	'*'  shift 131
	'/'  shift 132
	'%'  shift 133
	'.'  shift 136
	'['  shift 137
	INITARRAY  shift 138
	CONCATARRAY  shift 139
	WHILE  reduce 62
	FOR  reduce 62
	IF  reduce 62
	AND  reduce 62
	OR  reduce 62
	EQUAL  reduce 62
	NOT_EQUAL  reduce 62
	','  reduce 62
	';'  reduce 62
	')'  reduce 62
	']'  reduce 62
	COLON  reduce 62


state 167
	Receiver : Expr . '.'  (43)
	LValue : Expr . '[' Expr ']'  (46)
	Expr : Expr . '+' Expr  (52)
	Expr : Expr . '-' Expr  (53)
	Expr : Expr . '*' Expr  (54)
	Expr : Expr . '/' Expr  (55)
	Expr : Expr . '%' Expr  (56)
	Expr : Expr . EQUAL Expr  (57)
	Expr : Expr EQUAL Expr .  (57)
	Expr : Expr . NOT_EQUAL Expr  (58)
	Expr : Expr . '<' Expr  (59)
	Expr : Expr . '>' Expr  (60)
	Expr : Expr . LESS_EQUAL Expr  (61)
	Expr : Expr . GREATER_EQUAL Expr  (62)
	Expr : Expr . AND Expr  (63)
	Expr : Expr . OR Expr  (64)
	Expr : Expr . INITARRAY Expr  (75)
	Expr : Expr . CONCATARRAY Expr  (76)
	Expr : Expr . '[' Expr COLON Expr ']'  (77)
	Expr : Expr . '[' Expr ']' DEFAULT Expr  (78)

	LESS_EQUAL  shift 125
	GREATER_EQUAL  shift 126
	'+'  shift 129
	'-'  shift 130
	'*'  shift 131
	'/'  shift 132
	'%'  shift 133
	'>'  shift 134
	'<'  shift 135
	'.'  shift 136
	'['  shift 137
	INITARRAY  shift 138
	CONCATARRAY  shift 139
	WHILE  reduce 57
	FOR  reduce 57
	IF  reduce 57
	AND  reduce 57
	OR  reduce 57
	','  reduce 57
	';'  reduce 57
	')'  reduce 57
	']'  reduce 57
	COLON  reduce 57


state 168
	Receiver : Expr . '.'  (43)
	LValue : Expr . '[' Expr ']'  (46)
	Expr : Expr . '+' Expr  (52)
	Expr : Expr . '-' Expr  (53)
	Expr : Expr . '*' Expr  (54)
	Expr : Expr . '/' Expr  (55)
	Expr : Expr . '%' Expr  (56)
	Expr : Expr . EQUAL Expr  (57)
	Expr : Expr . NOT_EQUAL Expr  (58)
	Expr : Expr NOT_EQUAL Expr .  (58)
	Expr : Expr . '<' Expr  (59)
	Expr : Expr . '>' Expr  (60)
	Expr : Expr . LESS_EQUAL Expr  (61)
	Expr : Expr . GREATER_EQUAL Expr  (62)
	Expr : Expr . AND Expr  (63)
	Expr : Expr . OR Expr  (64)
	Expr : Expr . INITARRAY Expr  (75)
	Expr : Expr . CONCATARRAY Expr  (76)
	Expr : Expr . '[' Expr COLON Expr ']'  (77)
	Expr : Expr . '[' Expr ']' DEFAULT Expr  (78)

	LESS_EQUAL  shift 125
	GREATER_EQUAL  shift 126
	'+'  shift 129
	'-'  shift 130
	'*'  shift 131
	'/'  shift 132
	'%'  shift 133
	'>'  shift 134
	'<'  shift 135
	'.'  shift 136
	'['  shift 137
	INITARRAY  shift 138
	CONCATARRAY  shift 139
	WHILE  reduce 58
	FOR  reduce 58
	IF  reduce 58
	AND  reduce 58
	OR  reduce 58
	','  reduce 58
	';'  reduce 58
	')'  reduce 58
	']'  reduce 58
	COLON  reduce 58


state 169
	Receiver : Expr . '.'  (43)
	LValue : Expr . '[' Expr ']'  (46)
	Expr : Expr . '+' Expr  (52)
	Expr : Expr '+' Expr .  (52)
	Expr : Expr . '-' Expr  (53)
	Expr : Expr . '*' Expr  (54)
	Expr : Expr . '/' Expr  (55)
	Expr : Expr . '%' Expr  (56)
	Expr : Expr . EQUAL Expr  (57)
	Expr : Expr . NOT_EQUAL Expr  (58)
	Expr : Expr . '<' Expr  (59)
	Expr : Expr . '>' Expr  (60)
	Expr : Expr . LESS_EQUAL Expr  (61)
	Expr : Expr . GREATER_EQUAL Expr  (62)
	Expr : Expr . AND Expr  (63)
	Expr : Expr . OR Expr  (64)
	Expr : Expr . INITARRAY Expr  (75)
	Expr : Expr . CONCATARRAY Expr  (76)
	Expr : Expr . '[' Expr COLON Expr ']'  (77)
	Expr : Expr . '[' Expr ']' DEFAULT Expr  (78)

	'*'  shift 131
	'/'  shift 132
	'%'  shift 133
	'.'  shift 136
	'['  shift 137
	WHILE  reduce 52
	FOR  reduce 52
	IF  reduce 52
	AND  reduce 52
	OR  reduce 52
	LESS_EQUAL  reduce 52
	GREATER_EQUAL  reduce 52
	EQUAL  reduce 52
	NOT_EQUAL  reduce 52
	'+'  reduce 52
	'-'  reduce 52
	'>'  reduce 52
	'<'  reduce 52
	','  reduce 52
	';'  reduce 52
	')'  reduce 52
	']'  reduce 52
	COLON  reduce 52
	INITARRAY  reduce 52
	CONCATARRAY  reduce 52


state 170
	Receiver : Expr . '.'  (43)
	LValue : Expr . '[' Expr ']'  (46)
	Expr : Expr . '+' Expr  (52)
	Expr : Expr . '-' Expr  (53)
	Expr : Expr '-' Expr .  (53)
	Expr : Expr . '*' Expr  (54)
	Expr : Expr . '/' Expr  (55)
	Expr : Expr . '%' Expr  (56)
	Expr : Expr . EQUAL Expr  (57)
	Expr : Expr . NOT_EQUAL Expr  (58)
	Expr : Expr . '<' Expr  (59)
	Expr : Expr . '>' Expr  (60)
	Expr : Expr . LESS_EQUAL Expr  (61)
	Expr : Expr . GREATER_EQUAL Expr  (62)
	Expr : Expr . AND Expr  (63)
	Expr : Expr . OR Expr  (64)
	Expr : Expr . INITARRAY Expr  (75)
	Expr : Expr . CONCATARRAY Expr  (76)
	Expr : Expr . '[' Expr COLON Expr ']'  (77)
	Expr : Expr . '[' Expr ']' DEFAULT Expr  (78)

	'*'  shift 131
	'/'  shift 132
	'%'  shift 133
	'.'  shift 136
	'['  shift 137
	WHILE  reduce 53
	FOR  reduce 53
	IF  reduce 53
	AND  reduce 53
	OR  reduce 53
	LESS_EQUAL  reduce 53
	GREATER_EQUAL  reduce 53
	EQUAL  reduce 53
	NOT_EQUAL  reduce 53
	'+'  reduce 53
	'-'  reduce 53
	'>'  reduce 53
	'<'  reduce 53
	','  reduce 53
	';'  reduce 53
	')'  reduce 53
	']'  reduce 53
	COLON  reduce 53
	INITARRAY  reduce 53
	CONCATARRAY  reduce 53


state 171
	Receiver : Expr . '.'  (43)
	LValue : Expr . '[' Expr ']'  (46)
	Expr : Expr . '+' Expr  (52)
	Expr : Expr . '-' Expr  (53)
	Expr : Expr . '*' Expr  (54)
	Expr : Expr '*' Expr .  (54)
	Expr : Expr . '/' Expr  (55)
	Expr : Expr . '%' Expr  (56)
	Expr : Expr . EQUAL Expr  (57)
	Expr : Expr . NOT_EQUAL Expr  (58)
	Expr : Expr . '<' Expr  (59)
	Expr : Expr . '>' Expr  (60)
	Expr : Expr . LESS_EQUAL Expr  (61)
	Expr : Expr . GREATER_EQUAL Expr  (62)
	Expr : Expr . AND Expr  (63)
	Expr : Expr . OR Expr  (64)
	Expr : Expr . INITARRAY Expr  (75)
	Expr : Expr . CONCATARRAY Expr  (76)
	Expr : Expr . '[' Expr COLON Expr ']'  (77)
	Expr : Expr . '[' Expr ']' DEFAULT Expr  (78)

	'.'  shift 136
	'['  shift 137
	WHILE  reduce 54
	FOR  reduce 54
	IF  reduce 54
	AND  reduce 54
	OR  reduce 54
	LESS_EQUAL  reduce 54
	GREATER_EQUAL  reduce 54
	EQUAL  reduce 54
	NOT_EQUAL  reduce 54
	'+'  reduce 54
	'-'  reduce 54
	'*'  reduce 54
	'/'  reduce 54
	'%'  reduce 54
	'>'  reduce 54
	'<'  reduce 54
	','  reduce 54
	';'  reduce 54
	')'  reduce 54
	']'  reduce 54
	COLON  reduce 54
	INITARRAY  reduce 54
	CONCATARRAY  reduce 54


state 172
	Receiver : Expr . '.'  (43)
	LValue : Expr . '[' Expr ']'  (46)
	Expr : Expr . '+' Expr  (52)
	Expr : Expr . '-' Expr  (53)
	Expr : Expr . '*' Expr  (54)
	Expr : Expr . '/' Expr  (55)
	Expr : Expr '/' Expr .  (55)
	Expr : Expr . '%' Expr  (56)
	Expr : Expr . EQUAL Expr  (57)
	Expr : Expr . NOT_EQUAL Expr  (58)
	Expr : Expr . '<' Expr  (59)
	Expr : Expr . '>' Expr  (60)
	Expr : Expr . LESS_EQUAL Expr  (61)
	Expr : Expr . GREATER_EQUAL Expr  (62)
	Expr : Expr . AND Expr  (63)
	Expr : Expr . OR Expr  (64)
	Expr : Expr . INITARRAY Expr  (75)
	Expr : Expr . CONCATARRAY Expr  (76)
	Expr : Expr . '[' Expr COLON Expr ']'  (77)
	Expr : Expr . '[' Expr ']' DEFAULT Expr  (78)

	'.'  shift 136
	'['  shift 137
	WHILE  reduce 55
	FOR  reduce 55
	IF  reduce 55
	AND  reduce 55
	OR  reduce 55
	LESS_EQUAL  reduce 55
	GREATER_EQUAL  reduce 55
	EQUAL  reduce 55
	NOT_EQUAL  reduce 55
	'+'  reduce 55
	'-'  reduce 55
	'*'  reduce 55
	'/'  reduce 55
	'%'  reduce 55
	'>'  reduce 55
	'<'  reduce 55
	','  reduce 55
	';'  reduce 55
	')'  reduce 55
	']'  reduce 55
	COLON  reduce 55
	INITARRAY  reduce 55
	CONCATARRAY  reduce 55


state 173
	Receiver : Expr . '.'  (43)
	LValue : Expr . '[' Expr ']'  (46)
	Expr : Expr . '+' Expr  (52)
	Expr : Expr . '-' Expr  (53)
	Expr : Expr . '*' Expr  (54)
	Expr : Expr . '/' Expr  (55)
	Expr : Expr . '%' Expr  (56)
	Expr : Expr '%' Expr .  (56)
	Expr : Expr . EQUAL Expr  (57)
	Expr : Expr . NOT_EQUAL Expr  (58)
	Expr : Expr . '<' Expr  (59)
	Expr : Expr . '>' Expr  (60)
	Expr : Expr . LESS_EQUAL Expr  (61)
	Expr : Expr . GREATER_EQUAL Expr  (62)
	Expr : Expr . AND Expr  (63)
	Expr : Expr . OR Expr  (64)
	Expr : Expr . INITARRAY Expr  (75)
	Expr : Expr . CONCATARRAY Expr  (76)
	Expr : Expr . '[' Expr COLON Expr ']'  (77)
	Expr : Expr . '[' Expr ']' DEFAULT Expr  (78)

	'.'  shift 136
	'['  shift 137
	WHILE  reduce 56
	FOR  reduce 56
	IF  reduce 56
	AND  reduce 56
	OR  reduce 56
	LESS_EQUAL  reduce 56
	GREATER_EQUAL  reduce 56
	EQUAL  reduce 56
	NOT_EQUAL  reduce 56
	'+'  reduce 56
	'-'  reduce 56
	'*'  reduce 56
	'/'  reduce 56
	'%'  reduce 56
	'>'  reduce 56
	'<'  reduce 56
	','  reduce 56
	';'  reduce 56
	')'  reduce 56
	']'  reduce 56
	COLON  reduce 56
	INITARRAY  reduce 56
	CONCATARRAY  reduce 56


state 174
	Receiver : Expr . '.'  (43)
	LValue : Expr . '[' Expr ']'  (46)
	Expr : Expr . '+' Expr  (52)
	Expr : Expr . '-' Expr  (53)
	Expr : Expr . '*' Expr  (54)
	Expr : Expr . '/' Expr  (55)
	Expr : Expr . '%' Expr  (56)
	Expr : Expr . EQUAL Expr  (57)
	Expr : Expr . NOT_EQUAL Expr  (58)
	Expr : Expr . '<' Expr  (59)
	Expr : Expr . '>' Expr  (60)
	Expr : Expr '>' Expr .  (60)
	Expr : Expr . LESS_EQUAL Expr  (61)
	Expr : Expr . GREATER_EQUAL Expr  (62)
	Expr : Expr . AND Expr  (63)
	Expr : Expr . OR Expr  (64)
	Expr : Expr . INITARRAY Expr  (75)
	Expr : Expr . CONCATARRAY Expr  (76)
	Expr : Expr . '[' Expr COLON Expr ']'  (77)
	Expr : Expr . '[' Expr ']' DEFAULT Expr  (78)

	'+'  shift 129
	'-'  shift 130
	'*'  shift 131
	'/'  shift 132
	'%'  shift 133
	'.'  shift 136
	'['  shift 137
	INITARRAY  shift 138
	CONCATARRAY  shift 139
	WHILE  reduce 60
	FOR  reduce 60
	IF  reduce 60
	AND  reduce 60
	OR  reduce 60
	EQUAL  reduce 60
	NOT_EQUAL  reduce 60
	','  reduce 60
	';'  reduce 60
	')'  reduce 60
	']'  reduce 60
	COLON  reduce 60


state 175
	Receiver : Expr . '.'  (43)
	LValue : Expr . '[' Expr ']'  (46)
	Expr : Expr . '+' Expr  (52)
	Expr : Expr . '-' Expr  (53)
	Expr : Expr . '*' Expr  (54)
	Expr : Expr . '/' Expr  (55)
	Expr : Expr . '%' Expr  (56)
	Expr : Expr . EQUAL Expr  (57)
	Expr : Expr . NOT_EQUAL Expr  (58)
	Expr : Expr . '<' Expr  (59)
	Expr : Expr '<' Expr .  (59)
	Expr : Expr . '>' Expr  (60)
	Expr : Expr . LESS_EQUAL Expr  (61)
	Expr : Expr . GREATER_EQUAL Expr  (62)
	Expr : Expr . AND Expr  (63)
	Expr : Expr . OR Expr  (64)
	Expr : Expr . INITARRAY Expr  (75)
	Expr : Expr . CONCATARRAY Expr  (76)
	Expr : Expr . '[' Expr COLON Expr ']'  (77)
	Expr : Expr . '[' Expr ']' DEFAULT Expr  (78)

	'+'  shift 129
	'-'  shift 130
	'*'  shift 131
	'/'  shift 132
	'%'  shift 133
	'.'  shift 136
	'['  shift 137
	INITARRAY  shift 138
	CONCATARRAY  shift 139
	WHILE  reduce 59
	FOR  reduce 59
	IF  reduce 59
	AND  reduce 59
	OR  reduce 59
	EQUAL  reduce 59
	NOT_EQUAL  reduce 59
	','  reduce 59
	';'  reduce 59
	')'  reduce 59
	']'  reduce 59
	COLON  reduce 59


state 176
	Receiver : Expr . '.'  (43)
	LValue : Expr . '[' Expr ']'  (46)
	LValue : Expr '[' Expr . ']'  (46)
	Expr : Expr . '+' Expr  (52)
	Expr : Expr . '-' Expr  (53)
	Expr : Expr . '*' Expr  (54)
	Expr : Expr . '/' Expr  (55)
	Expr : Expr . '%' Expr  (56)
	Expr : Expr . EQUAL Expr  (57)
	Expr : Expr . NOT_EQUAL Expr  (58)
	Expr : Expr . '<' Expr  (59)
	Expr : Expr . '>' Expr  (60)
	Expr : Expr . LESS_EQUAL Expr  (61)
	Expr : Expr . GREATER_EQUAL Expr  (62)
	Expr : Expr . AND Expr  (63)
	Expr : Expr . OR Expr  (64)
	Expr : Expr . INITARRAY Expr  (75)
	Expr : Expr . CONCATARRAY Expr  (76)
	Expr : Expr . '[' Expr COLON Expr ']'  (77)
	Expr : Expr '[' Expr . COLON Expr ']'  (77)
	Expr : Expr . '[' Expr ']' DEFAULT Expr  (78)
	Expr : Expr '[' Expr . ']' DEFAULT Expr  (78)

	AND  shift 123
	OR  shift 124
	LESS_EQUAL  shift 125
	GREATER_EQUAL  shift 126
	EQUAL  shift 127
	NOT_EQUAL  shift 128
	'+'  shift 129
	'-'  shift 130
	'*'  shift 131
	'/'  shift 132
	'%'  shift 133
	'>'  shift 134
	'<'  shift 135
	'.'  shift 136
	'['  shift 137
	']'  shift 199
	COLON  shift 200
	INITARRAY  shift 138
	CONCATARRAY  shift 139
	.  error


state 177
	Receiver : Expr . '.'  (43)
	LValue : Expr . '[' Expr ']'  (46)
	Expr : Expr . '+' Expr  (52)
	Expr : Expr . '-' Expr  (53)
	Expr : Expr . '*' Expr  (54)
	Expr : Expr . '/' Expr  (55)
	Expr : Expr . '%' Expr  (56)
	Expr : Expr . EQUAL Expr  (57)
	Expr : Expr . NOT_EQUAL Expr  (58)
	Expr : Expr . '<' Expr  (59)
	Expr : Expr . '>' Expr  (60)
	Expr : Expr . LESS_EQUAL Expr  (61)
	Expr : Expr . GREATER_EQUAL Expr  (62)
	Expr : Expr . AND Expr  (63)
	Expr : Expr . OR Expr  (64)
	Expr : Expr . INITARRAY Expr  (75)
	Expr : Expr INITARRAY Expr .  (75)
	Expr : Expr . CONCATARRAY Expr  (76)
	Expr : Expr . '[' Expr COLON Expr ']'  (77)
	Expr : Expr . '[' Expr ']' DEFAULT Expr  (78)

	'+'  shift 129
	'-'  shift 130
	'*'  shift 131
	'/'  shift 132
	'%'  shift 133
	'.'  shift 136
	'['  shift 137
	WHILE  reduce 75
	FOR  reduce 75
	IF  reduce 75
	AND  reduce 75
	OR  reduce 75
	LESS_EQUAL  reduce 75
	GREATER_EQUAL  reduce 75
	EQUAL  reduce 75
	NOT_EQUAL  reduce 75
	'>'  reduce 75
	'<'  reduce 75
	','  reduce 75
	';'  reduce 75
	')'  reduce 75
	']'  reduce 75
	COLON  reduce 75
	INITARRAY  reduce 75
	CONCATARRAY  reduce 75


state 178
	Receiver : Expr . '.'  (43)
	LValue : Expr . '[' Expr ']'  (46)
	Expr : Expr . '+' Expr  (52)
	Expr : Expr . '-' Expr  (53)
	Expr : Expr . '*' Expr  (54)
	Expr : Expr . '/' Expr  (55)
	Expr : Expr . '%' Expr  (56)
	Expr : Expr . EQUAL Expr  (57)
	Expr : Expr . NOT_EQUAL Expr  (58)
	Expr : Expr . '<' Expr  (59)
	Expr : Expr . '>' Expr  (60)
	Expr : Expr . LESS_EQUAL Expr  (61)
	Expr : Expr . GREATER_EQUAL Expr  (62)
	Expr : Expr . AND Expr  (63)
	Expr : Expr . OR Expr  (64)
	Expr : Expr . INITARRAY Expr  (75)
	Expr : Expr . CONCATARRAY Expr  (76)
	Expr : Expr CONCATARRAY Expr .  (76)
	Expr : Expr . '[' Expr COLON Expr ']'  (77)
	Expr : Expr . '[' Expr ']' DEFAULT Expr  (78)

	'+'  shift 129
	'-'  shift 130
	'*'  shift 131
	'/'  shift 132
	'%'  shift 133
	'.'  shift 136
	'['  shift 137
	INITARRAY  shift 138
	CONCATARRAY  shift 139
	WHILE  reduce 76
	FOR  reduce 76
	IF  reduce 76
	AND  reduce 76
	OR  reduce 76
	LESS_EQUAL  reduce 76
	GREATER_EQUAL  reduce 76
	EQUAL  reduce 76
	NOT_EQUAL  reduce 76
	'>'  reduce 76
	'<'  reduce 76
	','  reduce 76
	';'  reduce 76
	')'  reduce 76
	']'  reduce 76
	COLON  reduce 76


state 179
	Call : Receiver IDENTIFIER '(' . Actuals ')'  (48)
	Receiver : .  (44)
	Actuals : .  (85)

	NULL  shift 53
	THIS  shift 54
	NEW  shift 60
	READ_INTEGER  shift 62
	READ_LINE  shift 63
	LITERAL  shift 64
	INSTANCEOF  shift 65
	'-'  shift 66
	'!'  shift 67
	'('  shift 68
	'['  shift 69
	VAR  shift 72
	IDENTIFIER  reduce 44
	')'  reduce 85

	LValue  goto 97
	Expr  goto 148
	Call  goto 99
	Receiver  goto 90
	Actuals  goto 201
	Constant  goto 91
	ArrayConstant  goto 92
	ExprList  goto 202


state 180
	WhileStmt : WHILE '(' Expr ')' . Stmt  (88)
	SimpleStmt : .  (42)
	Receiver : .  (44)

	VOID  shift 17
	BOOL  shift 18
	INT  shift 19
	STRING  shift 20
	CLASS  shift 21
	NULL  shift 53
	THIS  shift 54
	WHILE  shift 55
	FOR  shift 56
	IF  shift 57
	RETURN  shift 58
	BREAK  shift 59
	NEW  shift 60
	PRINT  shift 61
	READ_INTEGER  shift 62
	READ_LINE  shift 63
	LITERAL  shift 64
	INSTANCEOF  shift 65
	'-'  shift 66
	'!'  shift 67
	'('  shift 68
	'['  shift 69
	'{'  shift 48
	SCOPY  shift 71
	VAR  shift 72
	FOREACH  shift 73
	IDENTIFIER  reduce 44
	';'  reduce 42

	VariableDef  goto 74
	Variable  goto 25
	Type  goto 40
	StmtBlock  goto 75
	Stmt  goto 203
	SimpleStmt  goto 77
	IfStmt  goto 78
	WhileStmt  goto 79
	ForStmt  goto 80
	ReturnStmt  goto 81
	PrintStmt  goto 82
	BreakStmt  goto 83
	OCStmt  goto 84
	GuardedStmt  goto 85
	ForeachStmt  goto 86
	LValue  goto 87
	Expr  goto 88
	Call  goto 89
	Receiver  goto 90
	Constant  goto 91
	ArrayConstant  goto 92


state 181
	ForStmt : FOR '(' SimpleStmt ';' . Expr ';' SimpleStmt ')' Stmt  (89)
	Receiver : .  (44)

	NULL  shift 53
	THIS  shift 54
	NEW  shift 60
	READ_INTEGER  shift 62
	READ_LINE  shift 63
	LITERAL  shift 64
	INSTANCEOF  shift 65
	'-'  shift 66
	'!'  shift 67
	'('  shift 68
	'['  shift 69
	VAR  shift 72
	IDENTIFIER  reduce 44

	LValue  goto 97
	Expr  goto 204
	Call  goto 99
	Receiver  goto 90
	Constant  goto 91
	ArrayConstant  goto 92


state 182
	IfStmt : IF '(' Expr ')' . Stmt ElseClause  (91)
	SimpleStmt : .  (42)
	Receiver : .  (44)

	VOID  shift 17
	BOOL  shift 18
	INT  shift 19
	STRING  shift 20
	CLASS  shift 21
	NULL  shift 53
	THIS  shift 54
	WHILE  shift 55
	FOR  shift 56
	IF  shift 57
	RETURN  shift 58
	BREAK  shift 59
	NEW  shift 60
	PRINT  shift 61
	READ_INTEGER  shift 62
	READ_LINE  shift 63
	LITERAL  shift 64
	INSTANCEOF  shift 65
	'-'  shift 66
	'!'  shift 67
	'('  shift 68
	'['  shift 69
	'{'  shift 48
	SCOPY  shift 71
	VAR  shift 72
	FOREACH  shift 73
	IDENTIFIER  reduce 44
	';'  reduce 42

	VariableDef  goto 74
	Variable  goto 25
	Type  goto 40
	StmtBlock  goto 75
	Stmt  goto 205
	SimpleStmt  goto 77
	IfStmt  goto 78
	WhileStmt  goto 79
	ForStmt  goto 80
	ReturnStmt  goto 81
	PrintStmt  goto 82
	BreakStmt  goto 83
	OCStmt  goto 84
	GuardedStmt  goto 85
	ForeachStmt  goto 86
	LValue  goto 87
	Expr  goto 88
	Call  goto 89
	Receiver  goto 90
	Constant  goto 91
	ArrayConstant  goto 92


state 183
	Receiver : Expr . '.'  (43)
	LValue : Expr . '[' Expr ']'  (46)
	Expr : Expr . '+' Expr  (52)
	Expr : Expr . '-' Expr  (53)
	Expr : Expr . '*' Expr  (54)
	Expr : Expr . '/' Expr  (55)
	Expr : Expr . '%' Expr  (56)
	Expr : Expr . EQUAL Expr  (57)
	Expr : Expr . NOT_EQUAL Expr  (58)
	Expr : Expr . '<' Expr  (59)
	Expr : Expr . '>' Expr  (60)
	Expr : Expr . LESS_EQUAL Expr  (61)
	Expr : Expr . GREATER_EQUAL Expr  (62)
	Expr : Expr . AND Expr  (63)
	Expr : Expr . OR Expr  (64)
	Expr : Expr . INITARRAY Expr  (75)
	Expr : Expr . CONCATARRAY Expr  (76)
	Expr : Expr . '[' Expr COLON Expr ']'  (77)
	Expr : Expr . '[' Expr ']' DEFAULT Expr  (78)
	IfSubStmt : Expr . COLON Stmt  (103)

	AND  shift 123
	OR  shift 124
	LESS_EQUAL  shift 125
	GREATER_EQUAL  shift 126
	EQUAL  shift 127
	NOT_EQUAL  shift 128
	'+'  shift 129
	'-'  shift 130
	'*'  shift 131
	'/'  shift 132
	'%'  shift 133
	'>'  shift 134
	'<'  shift 135
	'.'  shift 136
	'['  shift 137
	COLON  shift 206
	INITARRAY  shift 138
	CONCATARRAY  shift 139
	.  error


state 184
	GuardedStmt : IF '{' IfBranchList IfSubStmt . '}'  (99)
	IfBranch : IfSubStmt . GUARD  (102)

	'}'  shift 207
	GUARD  shift 208
	.  error


state 185
	IfBranchList : IfBranchList IfBranch .  (100)

	.  reduce 100


state 186
	Expr : NEW IDENTIFIER '(' ')' .  (71)

	.  reduce 71


state 187
	Receiver : Expr . '.'  (43)
	LValue : Expr . '[' Expr ']'  (46)
	Expr : Expr . '+' Expr  (52)
	Expr : Expr . '-' Expr  (53)
	Expr : Expr . '*' Expr  (54)
	Expr : Expr . '/' Expr  (55)
	Expr : Expr . '%' Expr  (56)
	Expr : Expr . EQUAL Expr  (57)
	Expr : Expr . NOT_EQUAL Expr  (58)
	Expr : Expr . '<' Expr  (59)
	Expr : Expr . '>' Expr  (60)
	Expr : Expr . LESS_EQUAL Expr  (61)
	Expr : Expr . GREATER_EQUAL Expr  (62)
	Expr : Expr . AND Expr  (63)
	Expr : Expr . OR Expr  (64)
	Expr : NEW Type '[' Expr . ']'  (72)
	Expr : Expr . INITARRAY Expr  (75)
	Expr : Expr . CONCATARRAY Expr  (76)
	Expr : Expr . '[' Expr COLON Expr ']'  (77)
	Expr : Expr . '[' Expr ']' DEFAULT Expr  (78)

	AND  shift 123
	OR  shift 124
	LESS_EQUAL  shift 125
	GREATER_EQUAL  shift 126
	EQUAL  shift 127
	NOT_EQUAL  shift 128
	'+'  shift 129
	'-'  shift 130
	'*'  shift 131
	'/'  shift 132
	'%'  shift 133
	'>'  shift 134
	'<'  shift 135
	'.'  shift 136
	'['  shift 137
	']'  shift 209
	INITARRAY  shift 138
	CONCATARRAY  shift 139
	.  error


state 188
	ExprList : ExprList ',' . Expr  (86)
	Receiver : .  (44)

	NULL  shift 53
	THIS  shift 54
	NEW  shift 60
	READ_INTEGER  shift 62
	READ_LINE  shift 63
	LITERAL  shift 64
	INSTANCEOF  shift 65
	'-'  shift 66
	'!'  shift 67
	'('  shift 68
	'['  shift 69
	VAR  shift 72
	IDENTIFIER  reduce 44

	LValue  goto 97
	Expr  goto 210
	Call  goto 99
	Receiver  goto 90
	Constant  goto 91
	ArrayConstant  goto 92


state 189
	PrintStmt : PRINT '(' ExprList ')' .  (96)

	.  reduce 96


state 190
	Expr : INSTANCEOF '(' Expr ',' . IDENTIFIER ')'  (73)

	IDENTIFIER  shift 211
	.  error


state 191
	Expr : '(' CLASS IDENTIFIER ')' . Expr  (74)
	Receiver : .  (44)

	NULL  shift 53
	THIS  shift 54
	NEW  shift 60
	READ_INTEGER  shift 62
	READ_LINE  shift 63
	LITERAL  shift 64
	INSTANCEOF  shift 65
	'-'  shift 66
	'!'  shift 67
	'('  shift 68
	'['  shift 69
	VAR  shift 72
	IDENTIFIER  reduce 44

	LValue  goto 97
	Expr  goto 212
	Call  goto 99
	Receiver  goto 90
	Constant  goto 91
	ArrayConstant  goto 92


state 192
	Expr : '[' Expr FOR IDENTIFIER . IN Expr ']'  (79)
	Expr : '[' Expr FOR IDENTIFIER . IN Expr IF Expr ']'  (80)

	IN  shift 213
	.  error


state 193
	ArrayConstant : '[' . ']'  (104)
	ArrayConstant : '[' . ConstantList ']'  (105)

	NULL  shift 53
	LITERAL  shift 64
	'['  shift 193
	']'  shift 110
	.  error

	Constant  goto 214
	ArrayConstant  goto 92
	ConstantList  goto 113


state 194
	ConstantList : ConstantList ',' Constant .  (106)

	.  reduce 106


state 195
	OCStmt : SCOPY '(' IDENTIFIER ',' . Expr ')'  (97)
	Receiver : .  (44)

	NULL  shift 53
	THIS  shift 54
	NEW  shift 60
	READ_INTEGER  shift 62
	READ_LINE  shift 63
	LITERAL  shift 64
	INSTANCEOF  shift 65
	'-'  shift 66
	'!'  shift 67
	'('  shift 68
	'['  shift 69
	VAR  shift 72
	IDENTIFIER  reduce 44

	LValue  goto 97
	Expr  goto 215
	Call  goto 99
	Receiver  goto 90
	Constant  goto 91
	ArrayConstant  goto 92


state 196
	BoundVariable : VAR IDENTIFIER .  (110)

	.  reduce 110


state 197
	BoundVariable : Type IDENTIFIER .  (111)

	.  reduce 111


state 198
	ForeachStmt : FOREACH '(' BoundVariable IN . Expr ')' Stmt  (108)
	ForeachStmt : FOREACH '(' BoundVariable IN . Expr WHILE Expr ')' Stmt  (109)
	Receiver : .  (44)

	NULL  shift 53
	THIS  shift 54
	NEW  shift 60
	READ_INTEGER  shift 62
	READ_LINE  shift 63
	LITERAL  shift 64
	INSTANCEOF  shift 65
	'-'  shift 66
	'!'  shift 67
	'('  shift 68
	'['  shift 69
	VAR  shift 72
	IDENTIFIER  reduce 44

	LValue  goto 97
	Expr  goto 216
	Call  goto 99
	Receiver  goto 90
	Constant  goto 91
	ArrayConstant  goto 92


state 199
	LValue : Expr '[' Expr ']' .  (46)
	Expr : Expr '[' Expr ']' . DEFAULT Expr  (78)

	DEFAULT  shift 217
	WHILE  reduce 46
	FOR  reduce 46
	IF  reduce 46
	AND  reduce 46
	OR  reduce 46
	LESS_EQUAL  reduce 46
	GREATER_EQUAL  reduce 46
	EQUAL  reduce 46
	NOT_EQUAL  reduce 46
	'+'  reduce 46
	'-'  reduce 46
	'*'  reduce 46
	'/'  reduce 46
	'%'  reduce 46
	'='  reduce 46
	'>'  reduce 46
	'<'  reduce 46
	'.'  reduce 46
	','  reduce 46
	';'  reduce 46
	')'  reduce 46
	'['  reduce 46
	']'  reduce 46
	COLON  reduce 46
	INITARRAY  reduce 46
	CONCATARRAY  reduce 46


state 200
	Expr : Expr '[' Expr COLON . Expr ']'  (77)
	Receiver : .  (44)

	NULL  shift 53
	THIS  shift 54
	NEW  shift 60
	READ_INTEGER  shift 62
	READ_LINE  shift 63
	LITERAL  shift 64
	INSTANCEOF  shift 65
	'-'  shift 66
	'!'  shift 67
	'('  shift 68
	'['  shift 69
	VAR  shift 72
	IDENTIFIER  reduce 44

	LValue  goto 97
	Expr  goto 218
	Call  goto 99
	Receiver  goto 90
	Constant  goto 91
	ArrayConstant  goto 92


state 201
	Call : Receiver IDENTIFIER '(' Actuals . ')'  (48)

	')'  shift 219
	.  error


state 202
	Actuals : ExprList .  (84)
	ExprList : ExprList . ',' Expr  (86)

	','  shift 188
	')'  reduce 84


state 203
	WhileStmt : WHILE '(' Expr ')' Stmt .  (88)

	.  reduce 88


state 204
	Receiver : Expr . '.'  (43)
	LValue : Expr . '[' Expr ']'  (46)
	Expr : Expr . '+' Expr  (52)
	Expr : Expr . '-' Expr  (53)
	Expr : Expr . '*' Expr  (54)
	Expr : Expr . '/' Expr  (55)
	Expr : Expr . '%' Expr  (56)
	Expr : Expr . EQUAL Expr  (57)
	Expr : Expr . NOT_EQUAL Expr  (58)
	Expr : Expr . '<' Expr  (59)
	Expr : Expr . '>' Expr  (60)
	Expr : Expr . LESS_EQUAL Expr  (61)
	Expr : Expr . GREATER_EQUAL Expr  (62)
	Expr : Expr . AND Expr  (63)
	Expr : Expr . OR Expr  (64)
	Expr : Expr . INITARRAY Expr  (75)
	Expr : Expr . CONCATARRAY Expr  (76)
	Expr : Expr . '[' Expr COLON Expr ']'  (77)
	Expr : Expr . '[' Expr ']' DEFAULT Expr  (78)
	ForStmt : FOR '(' SimpleStmt ';' Expr . ';' SimpleStmt ')' Stmt  (89)

	AND  shift 123
	OR  shift 124
	LESS_EQUAL  shift 125
	GREATER_EQUAL  shift 126
	EQUAL  shift 127
	NOT_EQUAL  shift 128
	'+'  shift 129
	'-'  shift 130
	'*'  shift 131
	'/'  shift 132
	'%'  shift 133
	'>'  shift 134
	'<'  shift 135
	'.'  shift 136
	';'  shift 220
	'['  shift 137
	INITARRAY  shift 138
	CONCATARRAY  shift 139
	.  error


state 205
	IfStmt : IF '(' Expr ')' Stmt . ElseClause  (91)
	ElseClause : .  (93)

	ELSE  shift 221
	VOID  reduce 93
	BOOL  reduce 93
	INT  reduce 93
	STRING  reduce 93
	CLASS  reduce 93
	NULL  reduce 93
	THIS  reduce 93
	WHILE  reduce 93
	FOR  reduce 93
	IF  reduce 93
	RETURN  reduce 93
	BREAK  reduce 93
	NEW  reduce 93
	PRINT  reduce 93
	READ_INTEGER  reduce 93
	READ_LINE  reduce 93
	LITERAL  reduce 93
	IDENTIFIER  reduce 93
	INSTANCEOF  reduce 93
	'-'  reduce 93
	';'  reduce 93
	'!'  reduce 93
	'('  reduce 93
	'['  reduce 93
	'{'  reduce 93
	'}'  reduce 93
	SCOPY  reduce 93
	VAR  reduce 93
	GUARD  reduce 93
	FOREACH  reduce 93

	ElseClause  goto 222


state 206
	IfSubStmt : Expr COLON . Stmt  (103)
	SimpleStmt : .  (42)
	Receiver : .  (44)

	VOID  shift 17
	BOOL  shift 18
	INT  shift 19
	STRING  shift 20
	CLASS  shift 21
	NULL  shift 53
	THIS  shift 54
	WHILE  shift 55
	FOR  shift 56
	IF  shift 57
	RETURN  shift 58
	BREAK  shift 59
	NEW  shift 60
	PRINT  shift 61
	READ_INTEGER  shift 62
	READ_LINE  shift 63
	LITERAL  shift 64
	INSTANCEOF  shift 65
	'-'  shift 66
	'!'  shift 67
	'('  shift 68
	'['  shift 69
	'{'  shift 48
	SCOPY  shift 71
	VAR  shift 72
	FOREACH  shift 73
	IDENTIFIER  reduce 44
	';'  reduce 42

	VariableDef  goto 74
	Variable  goto 25
	Type  goto 40
	StmtBlock  goto 75
	Stmt  goto 223
	SimpleStmt  goto 77
	IfStmt  goto 78
	WhileStmt  goto 79
	ForStmt  goto 80
	ReturnStmt  goto 81
	PrintStmt  goto 82
	BreakStmt  goto 83
	OCStmt  goto 84
	GuardedStmt  goto 85
	ForeachStmt  goto 86
	LValue  goto 87
	Expr  goto 88
	Call  goto 89
	Receiver  goto 90
	Constant  goto 91
	ArrayConstant  goto 92


state 207
	GuardedStmt : IF '{' IfBranchList IfSubStmt '}' .  (99)

	.  reduce 99


state 208
	IfBranch : IfSubStmt GUARD .  (102)

	.  reduce 102


state 209
	Expr : NEW Type '[' Expr ']' .  (72)

	.  reduce 72


state 210
	Receiver : Expr . '.'  (43)
	LValue : Expr . '[' Expr ']'  (46)
	Expr : Expr . '+' Expr  (52)
	Expr : Expr . '-' Expr  (53)
	Expr : Expr . '*' Expr  (54)
	Expr : Expr . '/' Expr  (55)
	Expr : Expr . '%' Expr  (56)
	Expr : Expr . EQUAL Expr  (57)
	Expr : Expr . NOT_EQUAL Expr  (58)
	Expr : Expr . '<' Expr  (59)
	Expr : Expr . '>' Expr  (60)
	Expr : Expr . LESS_EQUAL Expr  (61)
	Expr : Expr . GREATER_EQUAL Expr  (62)
	Expr : Expr . AND Expr  (63)
	Expr : Expr . OR Expr  (64)
	Expr : Expr . INITARRAY Expr  (75)
	Expr : Expr . CONCATARRAY Expr  (76)
	Expr : Expr . '[' Expr COLON Expr ']'  (77)
	Expr : Expr . '[' Expr ']' DEFAULT Expr  (78)
	ExprList : ExprList ',' Expr .  (86)

	AND  shift 123
	OR  shift 124
	LESS_EQUAL  shift 125
	GREATER_EQUAL  shift 126
	EQUAL  shift 127
	NOT_EQUAL  shift 128
	'+'  shift 129
	'-'  shift 130
	'*'  shift 131
	'/'  shift 132
	'%'  shift 133
	'>'  shift 134
	'<'  shift 135
	'.'  shift 136
	'['  shift 137
	INITARRAY  shift 138
	CONCATARRAY  shift 139
	','  reduce 86
	')'  reduce 86


state 211
	Expr : INSTANCEOF '(' Expr ',' IDENTIFIER . ')'  (73)

	')'  shift 224
	.  error


state 212
	Receiver : Expr . '.'  (43)
	LValue : Expr . '[' Expr ']'  (46)
	Expr : Expr . '+' Expr  (52)
	Expr : Expr . '-' Expr  (53)
	Expr : Expr . '*' Expr  (54)
	Expr : Expr . '/' Expr  (55)
	Expr : Expr . '%' Expr  (56)
	Expr : Expr . EQUAL Expr  (57)
	Expr : Expr . NOT_EQUAL Expr  (58)
	Expr : Expr . '<' Expr  (59)
	Expr : Expr . '>' Expr  (60)
	Expr : Expr . LESS_EQUAL Expr  (61)
	Expr : Expr . GREATER_EQUAL Expr  (62)
	Expr : Expr . AND Expr  (63)
	Expr : Expr . OR Expr  (64)
	Expr : '(' CLASS IDENTIFIER ')' Expr .  (74)
	Expr : Expr . INITARRAY Expr  (75)
	Expr : Expr . CONCATARRAY Expr  (76)
	Expr : Expr . '[' Expr COLON Expr ']'  (77)
	Expr : Expr . '[' Expr ']' DEFAULT Expr  (78)

	.  reduce 74


state 213
	Expr : '[' Expr FOR IDENTIFIER IN . Expr ']'  (79)
	Expr : '[' Expr FOR IDENTIFIER IN . Expr IF Expr ']'  (80)
	Receiver : .  (44)

	NULL  shift 53
	THIS  shift 54
	NEW  shift 60
	READ_INTEGER  shift 62
	READ_LINE  shift 63
	LITERAL  shift 64
	INSTANCEOF  shift 65
	'-'  shift 66
	'!'  shift 67
	'('  shift 68
	'['  shift 69
	VAR  shift 72
	IDENTIFIER  reduce 44

	LValue  goto 97
	Expr  goto 225
	Call  goto 99
	Receiver  goto 90
	Constant  goto 91
	ArrayConstant  goto 92


state 214
	ConstantList : Constant .  (107)

	.  reduce 107


state 215
	Receiver : Expr . '.'  (43)
	LValue : Expr . '[' Expr ']'  (46)
	Expr : Expr . '+' Expr  (52)
	Expr : Expr . '-' Expr  (53)
	Expr : Expr . '*' Expr  (54)
	Expr : Expr . '/' Expr  (55)
	Expr : Expr . '%' Expr  (56)
	Expr : Expr . EQUAL Expr  (57)
	Expr : Expr . NOT_EQUAL Expr  (58)
	Expr : Expr . '<' Expr  (59)
	Expr : Expr . '>' Expr  (60)
	Expr : Expr . LESS_EQUAL Expr  (61)
	Expr : Expr . GREATER_EQUAL Expr  (62)
	Expr : Expr . AND Expr  (63)
	Expr : Expr . OR Expr  (64)
	Expr : Expr . INITARRAY Expr  (75)
	Expr : Expr . CONCATARRAY Expr  (76)
	Expr : Expr . '[' Expr COLON Expr ']'  (77)
	Expr : Expr . '[' Expr ']' DEFAULT Expr  (78)
	OCStmt : SCOPY '(' IDENTIFIER ',' Expr . ')'  (97)

	AND  shift 123
	OR  shift 124
	LESS_EQUAL  shift 125
	GREATER_EQUAL  shift 126
	EQUAL  shift 127
	NOT_EQUAL  shift 128
	'+'  shift 129
	'-'  shift 130
	'*'  shift 131
	'/'  shift 132
	'%'  shift 133
	'>'  shift 134
	'<'  shift 135
	'.'  shift 136
	')'  shift 226
	'['  shift 137
	INITARRAY  shift 138
	CONCATARRAY  shift 139
	.  error


state 216
	Receiver : Expr . '.'  (43)
	LValue : Expr . '[' Expr ']'  (46)
	Expr : Expr . '+' Expr  (52)
	Expr : Expr . '-' Expr  (53)
	Expr : Expr . '*' Expr  (54)
	Expr : Expr . '/' Expr  (55)
	Expr : Expr . '%' Expr  (56)
	Expr : Expr . EQUAL Expr  (57)
	Expr : Expr . NOT_EQUAL Expr  (58)
	Expr : Expr . '<' Expr  (59)
	Expr : Expr . '>' Expr  (60)
	Expr : Expr . LESS_EQUAL Expr  (61)
	Expr : Expr . GREATER_EQUAL Expr  (62)
	Expr : Expr . AND Expr  (63)
	Expr : Expr . OR Expr  (64)
	Expr : Expr . INITARRAY Expr  (75)
	Expr : Expr . CONCATARRAY Expr  (76)
	Expr : Expr . '[' Expr COLON Expr ']'  (77)
	Expr : Expr . '[' Expr ']' DEFAULT Expr  (78)
	ForeachStmt : FOREACH '(' BoundVariable IN Expr . ')' Stmt  (108)
	ForeachStmt : FOREACH '(' BoundVariable IN Expr . WHILE Expr ')' Stmt  (109)

	WHILE  shift 227
	AND  shift 123
	OR  shift 124
	LESS_EQUAL  shift 125
	GREATER_EQUAL  shift 126
	EQUAL  shift 127
	NOT_EQUAL  shift 128
	'+'  shift 129
	'-'  shift 130
	'*'  shift 131
	'/'  shift 132
	'%'  shift 133
	'>'  shift 134
	'<'  shift 135
	'.'  shift 136
	')'  shift 228
	'['  shift 137
	INITARRAY  shift 138
	CONCATARRAY  shift 139
	.  error


state 217
	Expr : Expr '[' Expr ']' DEFAULT . Expr  (78)
	Receiver : .  (44)

	NULL  shift 53
	THIS  shift 54
	NEW  shift 60
	READ_INTEGER  shift 62
	READ_LINE  shift 63
	LITERAL  shift 64
	INSTANCEOF  shift 65
	'-'  shift 66
	'!'  shift 67
	'('  shift 68
	'['  shift 69
	VAR  shift 72
	IDENTIFIER  reduce 44

	LValue  goto 97
	Expr  goto 229
	Call  goto 99
	Receiver  goto 90
	Constant  goto 91
	ArrayConstant  goto 92


state 218
	Receiver : Expr . '.'  (43)
	LValue : Expr . '[' Expr ']'  (46)
	Expr : Expr . '+' Expr  (52)
	Expr : Expr . '-' Expr  (53)
	Expr : Expr . '*' Expr  (54)
	Expr : Expr . '/' Expr  (55)
	Expr : Expr . '%' Expr  (56)
	Expr : Expr . EQUAL Expr  (57)
	Expr : Expr . NOT_EQUAL Expr  (58)
	Expr : Expr . '<' Expr  (59)
	Expr : Expr . '>' Expr  (60)
	Expr : Expr . LESS_EQUAL Expr  (61)
	Expr : Expr . GREATER_EQUAL Expr  (62)
	Expr : Expr . AND Expr  (63)
	Expr : Expr . OR Expr  (64)
	Expr : Expr . INITARRAY Expr  (75)
	Expr : Expr . CONCATARRAY Expr  (76)
	Expr : Expr . '[' Expr COLON Expr ']'  (77)
	Expr : Expr '[' Expr COLON Expr . ']'  (77)
	Expr : Expr . '[' Expr ']' DEFAULT Expr  (78)

	AND  shift 123
	OR  shift 124
	LESS_EQUAL  shift 125
	GREATER_EQUAL  shift 126
	EQUAL  shift 127
	NOT_EQUAL  shift 128
	'+'  shift 129
	'-'  shift 130
	'*'  shift 131
	'/'  shift 132
	'%'  shift 133
	'>'  shift 134
	'<'  shift 135
	'.'  shift 136
	'['  shift 137
	']'  shift 230
	INITARRAY  shift 138
	CONCATARRAY  shift 139
	.  error


state 219
	Call : Receiver IDENTIFIER '(' Actuals ')' .  (48)

	.  reduce 48


state 220
	ForStmt : FOR '(' SimpleStmt ';' Expr ';' . SimpleStmt ')' Stmt  (89)
	SimpleStmt : .  (42)
	Receiver : .  (44)

	NULL  shift 53
	THIS  shift 54
	NEW  shift 60
	READ_INTEGER  shift 62
	READ_LINE  shift 63
	LITERAL  shift 64
	INSTANCEOF  shift 65
	'-'  shift 66
	'!'  shift 67
	'('  shift 68
	'['  shift 69
	VAR  shift 72
	IDENTIFIER  reduce 44
	')'  reduce 42

	SimpleStmt  goto 231
	LValue  goto 87
	Expr  goto 88
	Call  goto 89
	Receiver  goto 90
	Constant  goto 91
	ArrayConstant  goto 92


state 221
	ElseClause : ELSE . Stmt  (92)
	SimpleStmt : .  (42)
	Receiver : .  (44)

	VOID  shift 17
	BOOL  shift 18
	INT  shift 19
	STRING  shift 20
	CLASS  shift 21
	NULL  shift 53
	THIS  shift 54
	WHILE  shift 55
	FOR  shift 56
	IF  shift 57
	RETURN  shift 58
	BREAK  shift 59
	NEW  shift 60
	PRINT  shift 61
	READ_INTEGER  shift 62
	READ_LINE  shift 63
	LITERAL  shift 64
	INSTANCEOF  shift 65
	'-'  shift 66
	'!'  shift 67
	'('  shift 68
	'['  shift 69
	'{'  shift 48
	SCOPY  shift 71
	VAR  shift 72
	FOREACH  shift 73
	IDENTIFIER  reduce 44
	';'  reduce 42

	VariableDef  goto 74
	Variable  goto 25
	Type  goto 40
	StmtBlock  goto 75
	Stmt  goto 232
	SimpleStmt  goto 77
	IfStmt  goto 78
	WhileStmt  goto 79
	ForStmt  goto 80
	ReturnStmt  goto 81
	PrintStmt  goto 82
	BreakStmt  goto 83
	OCStmt  goto 84
	GuardedStmt  goto 85
	ForeachStmt  goto 86
	LValue  goto 87
	Expr  goto 88
	Call  goto 89
	Receiver  goto 90
	Constant  goto 91
	ArrayConstant  goto 92


state 222
	IfStmt : IF '(' Expr ')' Stmt ElseClause .  (91)

	.  reduce 91


state 223
	IfSubStmt : Expr COLON Stmt .  (103)

	.  reduce 103


state 224
	Expr : INSTANCEOF '(' Expr ',' IDENTIFIER ')' .  (73)

	.  reduce 73


state 225
	Receiver : Expr . '.'  (43)
	LValue : Expr . '[' Expr ']'  (46)
	Expr : Expr . '+' Expr  (52)
	Expr : Expr . '-' Expr  (53)
	Expr : Expr . '*' Expr  (54)
	Expr : Expr . '/' Expr  (55)
	Expr : Expr . '%' Expr  (56)
	Expr : Expr . EQUAL Expr  (57)
	Expr : Expr . NOT_EQUAL Expr  (58)
	Expr : Expr . '<' Expr  (59)
	Expr : Expr . '>' Expr  (60)
	Expr : Expr . LESS_EQUAL Expr  (61)
	Expr : Expr . GREATER_EQUAL Expr  (62)
	Expr : Expr . AND Expr  (63)
	Expr : Expr . OR Expr  (64)
	Expr : Expr . INITARRAY Expr  (75)
	Expr : Expr . CONCATARRAY Expr  (76)
	Expr : Expr . '[' Expr COLON Expr ']'  (77)
	Expr : Expr . '[' Expr ']' DEFAULT Expr  (78)
	Expr : '[' Expr FOR IDENTIFIER IN Expr . ']'  (79)
	Expr : '[' Expr FOR IDENTIFIER IN Expr . IF Expr ']'  (80)

	IF  shift 233
	AND  shift 123
	OR  shift 124
	LESS_EQUAL  shift 125
	GREATER_EQUAL  shift 126
	EQUAL  shift 127
	NOT_EQUAL  shift 128
	'+'  shift 129
	'-'  shift 130
	'*'  shift 131
	'/'  shift 132
	'%'  shift 133
	'>'  shift 134
	'<'  shift 135
	'.'  shift 136
	'['  shift 137
	']'  shift 234
	INITARRAY  shift 138
	CONCATARRAY  shift 139
	.  error


state 226
	OCStmt : SCOPY '(' IDENTIFIER ',' Expr ')' .  (97)

	.  reduce 97


state 227
	ForeachStmt : FOREACH '(' BoundVariable IN Expr WHILE . Expr ')' Stmt  (109)
	Receiver : .  (44)

	NULL  shift 53
	THIS  shift 54
	NEW  shift 60
	READ_INTEGER  shift 62
	READ_LINE  shift 63
	LITERAL  shift 64
	INSTANCEOF  shift 65
	'-'  shift 66
	'!'  shift 67
	'('  shift 68
	'['  shift 69
	VAR  shift 72
	IDENTIFIER  reduce 44

	LValue  goto 97
	Expr  goto 235
	Call  goto 99
	Receiver  goto 90
	Constant  goto 91
	ArrayConstant  goto 92


state 228
	ForeachStmt : FOREACH '(' BoundVariable IN Expr ')' . Stmt  (108)
	SimpleStmt : .  (42)
	Receiver : .  (44)

	VOID  shift 17
	BOOL  shift 18
	INT  shift 19
	STRING  shift 20
	CLASS  shift 21
	NULL  shift 53
	THIS  shift 54
	WHILE  shift 55
	FOR  shift 56
	IF  shift 57
	RETURN  shift 58
	BREAK  shift 59
	NEW  shift 60
	PRINT  shift 61
	READ_INTEGER  shift 62
	READ_LINE  shift 63
	LITERAL  shift 64
	INSTANCEOF  shift 65
	'-'  shift 66
	'!'  shift 67
	'('  shift 68
	'['  shift 69
	'{'  shift 48
	SCOPY  shift 71
	VAR  shift 72
	FOREACH  shift 73
	IDENTIFIER  reduce 44
	';'  reduce 42

	VariableDef  goto 74
	Variable  goto 25
	Type  goto 40
	StmtBlock  goto 75
	Stmt  goto 236
	SimpleStmt  goto 77
	IfStmt  goto 78
	WhileStmt  goto 79
	ForStmt  goto 80
	ReturnStmt  goto 81
	PrintStmt  goto 82
	BreakStmt  goto 83
	OCStmt  goto 84
	GuardedStmt  goto 85
	ForeachStmt  goto 86
	LValue  goto 87
	Expr  goto 88
	Call  goto 89
	Receiver  goto 90
	Constant  goto 91
	ArrayConstant  goto 92


state 229
	Receiver : Expr . '.'  (43)
	LValue : Expr . '[' Expr ']'  (46)
	Expr : Expr . '+' Expr  (52)
	Expr : Expr . '-' Expr  (53)
	Expr : Expr . '*' Expr  (54)
	Expr : Expr . '/' Expr  (55)
	Expr : Expr . '%' Expr  (56)
	Expr : Expr . EQUAL Expr  (57)
	Expr : Expr . NOT_EQUAL Expr  (58)
	Expr : Expr . '<' Expr  (59)
	Expr : Expr . '>' Expr  (60)
	Expr : Expr . LESS_EQUAL Expr  (61)
	Expr : Expr . GREATER_EQUAL Expr  (62)
	Expr : Expr . AND Expr  (63)
	Expr : Expr . OR Expr  (64)
	Expr : Expr . INITARRAY Expr  (75)
	Expr : Expr . CONCATARRAY Expr  (76)
	Expr : Expr . '[' Expr COLON Expr ']'  (77)
	Expr : Expr . '[' Expr ']' DEFAULT Expr  (78)
	Expr : Expr '[' Expr ']' DEFAULT Expr .  (78)

	'.'  shift 136
	'['  shift 137
	WHILE  reduce 78
	FOR  reduce 78
	IF  reduce 78
	AND  reduce 78
	OR  reduce 78
	LESS_EQUAL  reduce 78
	GREATER_EQUAL  reduce 78
	EQUAL  reduce 78
	NOT_EQUAL  reduce 78
	'+'  reduce 78
	'-'  reduce 78
	'*'  reduce 78
	'/'  reduce 78
	'%'  reduce 78
	'>'  reduce 78
	'<'  reduce 78
	','  reduce 78
	';'  reduce 78
	')'  reduce 78
	']'  reduce 78
	COLON  reduce 78
	INITARRAY  reduce 78
	CONCATARRAY  reduce 78


state 230
	Expr : Expr '[' Expr COLON Expr ']' .  (77)

	.  reduce 77


state 231
	ForStmt : FOR '(' SimpleStmt ';' Expr ';' SimpleStmt . ')' Stmt  (89)

	')'  shift 237
	.  error


state 232
	ElseClause : ELSE Stmt .  (92)

	.  reduce 92


state 233
	Expr : '[' Expr FOR IDENTIFIER IN Expr IF . Expr ']'  (80)
	Receiver : .  (44)

	NULL  shift 53
	THIS  shift 54
	NEW  shift 60
	READ_INTEGER  shift 62
	READ_LINE  shift 63
	LITERAL  shift 64
	INSTANCEOF  shift 65
	'-'  shift 66
	'!'  shift 67
	'('  shift 68
	'['  shift 69
	VAR  shift 72
	IDENTIFIER  reduce 44

	LValue  goto 97
	Expr  goto 238
	Call  goto 99
	Receiver  goto 90
	Constant  goto 91
	ArrayConstant  goto 92


state 234
	Expr : '[' Expr FOR IDENTIFIER IN Expr ']' .  (79)

	.  reduce 79


state 235
	Receiver : Expr . '.'  (43)
	LValue : Expr . '[' Expr ']'  (46)
	Expr : Expr . '+' Expr  (52)
	Expr : Expr . '-' Expr  (53)
	Expr : Expr . '*' Expr  (54)
	Expr : Expr . '/' Expr  (55)
	Expr : Expr . '%' Expr  (56)
	Expr : Expr . EQUAL Expr  (57)
	Expr : Expr . NOT_EQUAL Expr  (58)
	Expr : Expr . '<' Expr  (59)
	Expr : Expr . '>' Expr  (60)
	Expr : Expr . LESS_EQUAL Expr  (61)
	Expr : Expr . GREATER_EQUAL Expr  (62)
	Expr : Expr . AND Expr  (63)
	Expr : Expr . OR Expr  (64)
	Expr : Expr . INITARRAY Expr  (75)
	Expr : Expr . CONCATARRAY Expr  (76)
	Expr : Expr . '[' Expr COLON Expr ']'  (77)
	Expr : Expr . '[' Expr ']' DEFAULT Expr  (78)
	ForeachStmt : FOREACH '(' BoundVariable IN Expr WHILE Expr . ')' Stmt  (109)

	AND  shift 123
	OR  shift 124
	LESS_EQUAL  shift 125
	GREATER_EQUAL  shift 126
	EQUAL  shift 127
	NOT_EQUAL  shift 128
	'+'  shift 129
	'-'  shift 130
	'*'  shift 131
	'/'  shift 132
	'%'  shift 133
	'>'  shift 134
	'<'  shift 135
	'.'  shift 136
	')'  shift 239
	'['  shift 137
	INITARRAY  shift 138
	CONCATARRAY  shift 139
	.  error


state 236
	ForeachStmt : FOREACH '(' BoundVariable IN Expr ')' Stmt .  (108)

	.  reduce 108


state 237
	ForStmt : FOR '(' SimpleStmt ';' Expr ';' SimpleStmt ')' . Stmt  (89)
	SimpleStmt : .  (42)
	Receiver : .  (44)

	VOID  shift 17
	BOOL  shift 18
	INT  shift 19
	STRING  shift 20
	CLASS  shift 21
	NULL  shift 53
	THIS  shift 54
	WHILE  shift 55
	FOR  shift 56
	IF  shift 57
	RETURN  shift 58
	BREAK  shift 59
	NEW  shift 60
	PRINT  shift 61
	READ_INTEGER  shift 62
	READ_LINE  shift 63
	LITERAL  shift 64
	INSTANCEOF  shift 65
	'-'  shift 66
	'!'  shift 67
	'('  shift 68
	'['  shift 69
	'{'  shift 48
	SCOPY  shift 71
	VAR  shift 72
	FOREACH  shift 73
	IDENTIFIER  reduce 44
	';'  reduce 42

	VariableDef  goto 74
	Variable  goto 25
	Type  goto 40
	StmtBlock  goto 75
	Stmt  goto 240
	SimpleStmt  goto 77
	IfStmt  goto 78
	WhileStmt  goto 79
	ForStmt  goto 80
	ReturnStmt  goto 81
	PrintStmt  goto 82
	BreakStmt  goto 83
	OCStmt  goto 84
	GuardedStmt  goto 85
	ForeachStmt  goto 86
	LValue  goto 87
	Expr  goto 88
	Call  goto 89
	Receiver  goto 90
	Constant  goto 91
	ArrayConstant  goto 92


state 238
	Receiver : Expr . '.'  (43)
	LValue : Expr . '[' Expr ']'  (46)
	Expr : Expr . '+' Expr  (52)
	Expr : Expr . '-' Expr  (53)
	Expr : Expr . '*' Expr  (54)
	Expr : Expr . '/' Expr  (55)
	Expr : Expr . '%' Expr  (56)
	Expr : Expr . EQUAL Expr  (57)
	Expr : Expr . NOT_EQUAL Expr  (58)
	Expr : Expr . '<' Expr  (59)
	Expr : Expr . '>' Expr  (60)
	Expr : Expr . LESS_EQUAL Expr  (61)
	Expr : Expr . GREATER_EQUAL Expr  (62)
	Expr : Expr . AND Expr  (63)
	Expr : Expr . OR Expr  (64)
	Expr : Expr . INITARRAY Expr  (75)
	Expr : Expr . CONCATARRAY Expr  (76)
	Expr : Expr . '[' Expr COLON Expr ']'  (77)
	Expr : Expr . '[' Expr ']' DEFAULT Expr  (78)
	Expr : '[' Expr FOR IDENTIFIER IN Expr IF Expr . ']'  (80)

	AND  shift 123
	OR  shift 124
	LESS_EQUAL  shift 125
	GREATER_EQUAL  shift 126
	EQUAL  shift 127
	NOT_EQUAL  shift 128
	'+'  shift 129
	'-'  shift 130
	'*'  shift 131
	'/'  shift 132
	'%'  shift 133
	'>'  shift 134
	'<'  shift 135
	'.'  shift 136
	'['  shift 137
	']'  shift 241
	INITARRAY  shift 138
	CONCATARRAY  shift 139
	.  error


state 239
	ForeachStmt : FOREACH '(' BoundVariable IN Expr WHILE Expr ')' . Stmt  (109)
	SimpleStmt : .  (42)
	Receiver : .  (44)

	VOID  shift 17
	BOOL  shift 18
	INT  shift 19
	STRING  shift 20
	CLASS  shift 21
	NULL  shift 53
	THIS  shift 54
	WHILE  shift 55
	FOR  shift 56
	IF  shift 57
	RETURN  shift 58
	BREAK  shift 59
	NEW  shift 60
	PRINT  shift 61
	READ_INTEGER  shift 62
	READ_LINE  shift 63
	LITERAL  shift 64
	INSTANCEOF  shift 65
	'-'  shift 66
	'!'  shift 67
	'('  shift 68
	'['  shift 69
	'{'  shift 48
	SCOPY  shift 71
	VAR  shift 72
	FOREACH  shift 73
	IDENTIFIER  reduce 44
	';'  reduce 42

	VariableDef  goto 74
	Variable  goto 25
	Type  goto 40
	StmtBlock  goto 75
	Stmt  goto 242
	SimpleStmt  goto 77
	IfStmt  goto 78
	WhileStmt  goto 79
	ForStmt  goto 80
	ReturnStmt  goto 81
	PrintStmt  goto 82
	BreakStmt  goto 83
	OCStmt  goto 84
	GuardedStmt  goto 85
	ForeachStmt  goto 86
	LValue  goto 87
	Expr  goto 88
	Call  goto 89
	Receiver  goto 90
	Constant  goto 91
	ArrayConstant  goto 92


state 240
	ForStmt : FOR '(' SimpleStmt ';' Expr ';' SimpleStmt ')' Stmt .  (89)

	.  reduce 89


state 241
	Expr : '[' Expr FOR IDENTIFIER IN Expr IF Expr ']' .  (80)

	.  reduce 80


state 242
	ForeachStmt : FOREACH '(' BoundVariable IN Expr WHILE Expr ')' Stmt .  (109)

	.  reduce 109


62 terminals, 39 nonterminals
112 grammar rules, 243 states
